#
# There is insufficient memory for the Java Runtime Environment to continue.
# Native memory allocation (malloc) failed to allocate 1921296 bytes for Chunk::new
# Possible reasons:
#   The system is out of physical RAM or swap space
#   The process is running with CompressedOops enabled, and the Java Heap may be blocking the growth of the native heap
# Possible solutions:
#   Reduce memory load on the system
#   Increase physical memory or swap space
#   Check if swap backing store is full
#   Decrease Java heap size (-Xmx/-Xms)
#   Decrease number of Java threads
#   Decrease Java thread stack sizes (-Xss)
#   Set larger code cache with -XX:ReservedCodeCacheSize=
#   JVM is running with Unscaled Compressed Oops mode in which the Java heap is
#     placed in the first 4GB address space. The Java Heap base address is the
#     maximum limit for the native heap growth. Please use -XX:HeapBaseMinAddress
#     to set the Java Heap base and to place the Java Heap above 4GB virtual address.
# This output file may be truncated or incomplete.
#
#  Out of Memory Error (arena.cpp:189), pid=15664, tid=18276
#
# JRE version: OpenJDK Runtime Environment (17.0.6) (build 17.0.6+0-b2043.56-10027231)
# Java VM: OpenJDK 64-Bit Server VM (17.0.6+0-b2043.56-10027231, mixed mode, tiered, compressed oops, compressed class ptrs, g1 gc, windows-amd64)
# No core dump will be written. Minidumps are not enabled by default on client versions of Windows
#

---------------  S U M M A R Y ------------

Command Line: --add-opens=java.base/java.util=ALL-UNNAMED --add-opens=java.base/java.lang=ALL-UNNAMED --add-opens=java.base/java.lang.invoke=ALL-UNNAMED --add-opens=java.prefs/java.util.prefs=ALL-UNNAMED --add-opens=java.base/java.nio.charset=ALL-UNNAMED --add-opens=java.base/java.net=ALL-UNNAMED --add-opens=java.base/java.util.concurrent.atomic=ALL-UNNAMED -Xmx2048m -Dfile.encoding=UTF-8 -Duser.country=RU -Duser.language=ru -Duser.variant org.gradle.launcher.daemon.bootstrap.GradleDaemon 8.0

Host: Intel(R) Core(TM) i5-10210U CPU @ 1.60GHz, 8 cores, 7G,  Windows 11 , 64 bit Build 22621 (10.0.22621.2506)
Time: Mon Dec 18 05:02:45 2023 RTZ 2 (s 11 , 64 bit Build 22621 (10.0.22621.2506) elapsed time: 387.733247 seconds (0d 0h 6m 27s)

---------------  T H R E A D  ---------------

Current thread (0x000001a2fc841b60):  JavaThread "C2 CompilerThread0" daemon [_thread_in_native, id=18276, stack(0x00000073a8200000,0x00000073a8300000)]


Current CompileTask:
C2: 387733 20346   !   4       org.gradle.internal.service.DefaultServiceRegistry$ManagedObjectServiceProvider::getInstance (47 bytes)

Stack: [0x00000073a8200000,0x00000073a8300000]
Native frames: (J=compiled Java code, j=interpreted, Vv=VM code, C=native code)
V  [jvm.dll+0x683c9a]
V  [jvm.dll+0x8427a4]
V  [jvm.dll+0x843f9e]
V  [jvm.dll+0x844603]
V  [jvm.dll+0x249b75]
V  [jvm.dll+0xabcac]
V  [jvm.dll+0xac27c]
V  [jvm.dll+0x368802]
V  [jvm.dll+0x332f31]
V  [jvm.dll+0x3323da]
V  [jvm.dll+0x21c201]
V  [jvm.dll+0x21b621]
V  [jvm.dll+0x1a4fdd]
V  [jvm.dll+0x22b098]
V  [jvm.dll+0x229159]
V  [jvm.dll+0x7f81ec]
V  [jvm.dll+0x7f274a]
V  [jvm.dll+0x682ad5]
C  [ucrtbase.dll+0x29363]
C  [KERNEL32.DLL+0x1257d]
C  [ntdll.dll+0x5aa58]


---------------  P R O C E S S  ---------------

Threads class SMR info:
_java_thread_list=0x000001a2875746c0, length=57, elements={
0x000001a2e2059000, 0x000001a2fbead950, 0x000001a2fbeae7c0, 0x000001a2fbed6820,
0x000001a2fbed73d0, 0x000001a2fc83d010, 0x000001a2fc83d8d0, 0x000001a2fc841b60,
0x000001a2fc842600, 0x000001a2fc85f030, 0x000001a2fc9d1020, 0x000001a2fc9d2f50,
0x000001a2fed28430, 0x000001a2fe0454d0, 0x000001a2fe0459a0, 0x000001a2fe1829a0,
0x000001a2fe183ce0, 0x000001a2fe181b30, 0x000001a2fe183340, 0x000001a2fe182000,
0x000001a2fe184680, 0x000001a2ff77d410, 0x000001a2ff77bc00, 0x000001a2ff77b260,
0x000001a2ff778be0, 0x000001a2ff77c0d0, 0x000001a2ff77d8e0, 0x000001a2ff777d70,
0x000001a2810a58c0, 0x000001a2810a40b0, 0x000001a2810a6730, 0x000001a2810a9c20,
0x000001a2810a9280, 0x000001a285d013a0, 0x000001a2827eb8f0, 0x000001a286f38a20,
0x000001a2fd825060, 0x000001a2fd8263a0, 0x000001a2fd825530, 0x000001a28673e5b0,
0x000001a282de1990, 0x000001a28673ea80, 0x000001a285d05bd0, 0x000001a2fd825a00,
0x000001a2fd825ed0, 0x000001a282de2330, 0x000001a289b99360, 0x000001a2827eaf50,
0x000001a2827e9740, 0x000001a2827e9270, 0x000001a285d02210, 0x000001a285d01d40,
0x000001a2862b6a00, 0x000001a280fb0940, 0x000001a280faffa0, 0x000001a280fb12e0,
0x000001a280fb0e10
}

Java Threads: ( => current thread )
  0x000001a2e2059000 JavaThread "main" [_thread_blocked, id=2700, stack(0x00000073a7500000,0x00000073a7600000)]
  0x000001a2fbead950 JavaThread "Reference Handler" daemon [_thread_blocked, id=5568, stack(0x00000073a7c00000,0x00000073a7d00000)]
  0x000001a2fbeae7c0 JavaThread "Finalizer" daemon [_thread_blocked, id=18408, stack(0x00000073a7d00000,0x00000073a7e00000)]
  0x000001a2fbed6820 JavaThread "Signal Dispatcher" daemon [_thread_blocked, id=3352, stack(0x00000073a7e00000,0x00000073a7f00000)]
  0x000001a2fbed73d0 JavaThread "Attach Listener" daemon [_thread_blocked, id=18720, stack(0x00000073a7f00000,0x00000073a8000000)]
  0x000001a2fc83d010 JavaThread "Service Thread" daemon [_thread_blocked, id=18960, stack(0x00000073a8000000,0x00000073a8100000)]
  0x000001a2fc83d8d0 JavaThread "Monitor Deflation Thread" daemon [_thread_blocked, id=10072, stack(0x00000073a8100000,0x00000073a8200000)]
=>0x000001a2fc841b60 JavaThread "C2 CompilerThread0" daemon [_thread_in_native, id=18276, stack(0x00000073a8200000,0x00000073a8300000)]
  0x000001a2fc842600 JavaThread "C1 CompilerThread0" daemon [_thread_blocked, id=9676, stack(0x00000073a8300000,0x00000073a8400000)]
  0x000001a2fc85f030 JavaThread "Sweeper thread" daemon [_thread_blocked, id=10944, stack(0x00000073a8400000,0x00000073a8500000)]
  0x000001a2fc9d1020 JavaThread "Common-Cleaner" daemon [_thread_blocked, id=19312, stack(0x00000073a8500000,0x00000073a8600000)]
  0x000001a2fc9d2f50 JavaThread "Notification Thread" daemon [_thread_blocked, id=14532, stack(0x00000073a8600000,0x00000073a8700000)]
  0x000001a2fed28430 JavaThread "Daemon health stats" [_thread_blocked, id=9684, stack(0x00000073a8b00000,0x00000073a8c00000)]
  0x000001a2fe0454d0 JavaThread "Incoming local TCP Connector on port 50726" [_thread_in_native, id=12720, stack(0x00000073a8c00000,0x00000073a8d00000)]
  0x000001a2fe0459a0 JavaThread "Daemon periodic checks" [_thread_blocked, id=10684, stack(0x00000073a8d00000,0x00000073a8e00000)]
  0x000001a2fe1829a0 JavaThread "Cache worker for journal cache (C:\Users\Валерия\.gradle\caches\journal-1)" [_thread_blocked, id=10952, stack(0x00000073a9a00000,0x00000073a9b00000)]
  0x000001a2fe183ce0 JavaThread "File lock request listener" [_thread_in_native, id=7380, stack(0x00000073a9b00000,0x00000073a9c00000)]
  0x000001a2fe181b30 JavaThread "Cache worker for file hash cache (C:\Users\Валерия\.gradle\caches\8.0\fileHashes)" [_thread_blocked, id=11808, stack(0x00000073a9c00000,0x00000073a9d00000)]
  0x000001a2fe183340 JavaThread "File watcher server" daemon [_thread_in_native, id=10820, stack(0x00000073a9e00000,0x00000073a9f00000)]
  0x000001a2fe182000 JavaThread "File watcher consumer" daemon [_thread_blocked, id=6056, stack(0x00000073a9f00000,0x00000073aa000000)]
  0x000001a2fe184680 JavaThread "Cache worker for file content cache (C:\Users\Валерия\.gradle\caches\8.0\fileContent)" [_thread_blocked, id=6908, stack(0x00000073aa200000,0x00000073aa300000)]
  0x000001a2ff77d410 JavaThread "Cache worker for execution history cache (C:\Users\Валерия\.gradle\caches\8.0\executionHistory)" [_thread_blocked, id=9556, stack(0x00000073aa500000,0x00000073aa600000)]
  0x000001a2ff77bc00 JavaThread "jar transforms" [_thread_blocked, id=4112, stack(0x00000073a9d00000,0x00000073a9e00000)]
  0x000001a2ff77b260 JavaThread "jar transforms Thread 2" [_thread_blocked, id=7668, stack(0x00000073aa600000,0x00000073aa700000)]
  0x000001a2ff778be0 JavaThread "Cache worker for kotlin-dsl (C:\Users\Валерия\.gradle\caches\8.0\kotlin-dsl)" [_thread_blocked, id=10484, stack(0x00000073aa700000,0x00000073aa800000)]
  0x000001a2ff77c0d0 JavaThread "jar transforms Thread 3" [_thread_blocked, id=5420, stack(0x00000073aa800000,0x00000073aa900000)]
  0x000001a2ff77d8e0 JavaThread "jar transforms Thread 4" [_thread_blocked, id=18476, stack(0x00000073aa900000,0x00000073aaa00000)]
  0x000001a2ff777d70 JavaThread "jar transforms Thread 5" [_thread_blocked, id=14924, stack(0x00000073aac00000,0x00000073aad00000)]
  0x000001a2810a58c0 JavaThread "jar transforms Thread 6" [_thread_blocked, id=8628, stack(0x00000073afd00000,0x00000073afe00000)]
  0x000001a2810a40b0 JavaThread "jar transforms Thread 7" [_thread_blocked, id=19196, stack(0x00000073afe00000,0x00000073aff00000)]
  0x000001a2810a6730 JavaThread "jar transforms Thread 8" [_thread_blocked, id=18892, stack(0x00000073aff00000,0x00000073b0000000)]
  0x000001a2810a9c20 JavaThread "Memory manager" [_thread_blocked, id=5336, stack(0x00000073b0300000,0x00000073b0400000)]
  0x000001a2810a9280 JavaThread "pool-3-thread-1" [_thread_blocked, id=14756, stack(0x00000073b0600000,0x00000073b0700000)]
  0x000001a285d013a0 JavaThread "pool-6-thread-1" [_thread_blocked, id=15516, stack(0x00000073b0a00000,0x00000073b0b00000)]
  0x000001a2827eb8f0 JavaThread "pool-9-thread-1" [_thread_blocked, id=18264, stack(0x00000073b0500000,0x00000073b0600000)]
  0x000001a286f38a20 JavaThread "pool-12-thread-1" [_thread_blocked, id=3080, stack(0x00000073b0200000,0x00000073b0300000)]
  0x000001a2fd825060 JavaThread "RMI Scheduler(0)" daemon [_thread_blocked, id=19452, stack(0x00000073b1200000,0x00000073b1300000)]
  0x000001a2fd8263a0 JavaThread "RMI GC Daemon" daemon [_thread_blocked, id=16312, stack(0x00000073b1400000,0x00000073b1500000)]
  0x000001a2fd825530 JavaThread "RMI TCP Accept-0" daemon [_thread_in_native, id=14776, stack(0x00000073afb00000,0x00000073afc00000)]
  0x000001a28673e5b0 JavaThread "RMI Reaper" [_thread_blocked, id=15156, stack(0x00000073b1500000,0x00000073b1600000)]
  0x000001a282de1990 JavaThread "Cache worker for Java compile cache (C:\Users\Валерия\.gradle\caches\8.0\javaCompile)" [_thread_blocked, id=16444, stack(0x00000073b1300000,0x00000073b1400000)]
  0x000001a28673ea80 JavaThread "ForkJoinPool.commonPool-worker-1" daemon [_thread_blocked, id=6240, stack(0x00000073b2800000,0x00000073b2900000)]
  0x000001a285d05bd0 JavaThread "ForkJoinPool.commonPool-worker-4" daemon [_thread_blocked, id=12584, stack(0x00000073b2d00000,0x00000073b2e00000)]
  0x000001a2fd825a00 JavaThread "ForkJoinPool.commonPool-worker-5" daemon [_thread_blocked, id=4084, stack(0x00000073b2e00000,0x00000073b2f00000)]
  0x000001a2fd825ed0 JavaThread "ForkJoinPool.commonPool-worker-6" daemon [_thread_blocked, id=16808, stack(0x00000073b2f00000,0x00000073b3000000)]
  0x000001a282de2330 JavaThread "ForkJoinPool.commonPool-worker-7" daemon [_thread_blocked, id=6832, stack(0x00000073b3000000,0x00000073b3100000)]
  0x000001a289b99360 JavaThread "Daemon Thread 3" [_thread_blocked, id=11132, stack(0x00000073a7300000,0x00000073a7400000)]
  0x000001a2827eaf50 JavaThread "Handler for socket connection from /127.0.0.1:50726 to /127.0.0.1:50971" [_thread_in_native, id=5700, stack(0x00000073a7400000,0x00000073a7500000)]
  0x000001a2827e9740 JavaThread "Cancel handler" [_thread_blocked, id=2776, stack(0x00000073a8e00000,0x00000073a8f00000)]
  0x000001a2827e9270 JavaThread "Daemon worker Thread 3" [_thread_in_Java, id=15580, stack(0x00000073a8f00000,0x00000073a9000000)]
  0x000001a285d02210 JavaThread "Asynchronous log dispatcher for DefaultDaemonConnection: socket connection from /127.0.0.1:50726 to /127.0.0.1:50971" [_thread_blocked, id=3756, stack(0x00000073a9000000,0x00000073a9100000)]
  0x000001a285d01d40 JavaThread "Stdin handler" [_thread_blocked, id=14572, stack(0x00000073a9100000,0x00000073a9200000)]
  0x000001a2862b6a00 JavaThread "Daemon client event forwarder" [_thread_blocked, id=3688, stack(0x00000073a9200000,0x00000073a9300000)]
  0x000001a280fb0940 JavaThread "Cache worker for checksums cache (D:\MainSalon\.gradle\8.0\checksums)" [_thread_blocked, id=17388, stack(0x00000073a9300000,0x00000073a9400000)]
  0x000001a280faffa0 JavaThread "Cache worker for cache directory md-rule (C:\Users\Валерия\.gradle\caches\8.0\md-rule)" [_thread_blocked, id=18836, stack(0x00000073a9400000,0x00000073a9500000)]
  0x000001a280fb12e0 JavaThread "Cache worker for file hash cache (D:\MainSalon\.gradle\8.0\fileHashes)" [_thread_blocked, id=3644, stack(0x00000073aa000000,0x00000073aa100000)]
  0x000001a280fb0e10 JavaThread "Cache worker for cache directory md-supplier (C:\Users\Валерия\.gradle\caches\8.0\md-supplier)" [_thread_blocked, id=14892, stack(0x00000073aa100000,0x00000073aa200000)]

Other Threads:
  0x000001a2fbea9d20 VMThread "VM Thread" [stack: 0x00000073a7b00000,0x00000073a7c00000] [id=12892]
  0x000001a2fc9d8450 WatcherThread [stack: 0x00000073a8700000,0x00000073a8800000] [id=2556]
  0x000001a2e20b40b0 GCTaskThread "GC Thread#0" [stack: 0x00000073a7600000,0x00000073a7700000] [id=14488]
  0x000001a2fd50a3b0 GCTaskThread "GC Thread#1" [stack: 0x00000073a8800000,0x00000073a8900000] [id=8828]
  0x000001a2fd4bf2c0 GCTaskThread "GC Thread#2" [stack: 0x00000073a8900000,0x00000073a8a00000] [id=2224]
  0x000001a2fd130420 GCTaskThread "GC Thread#3" [stack: 0x00000073a8a00000,0x00000073a8b00000] [id=17144]
  0x000001a2feebd850 GCTaskThread "GC Thread#4" [stack: 0x00000073a9500000,0x00000073a9600000] [id=16892]
  0x000001a2fee4e050 GCTaskThread "GC Thread#5" [stack: 0x00000073a9600000,0x00000073a9700000] [id=8376]
  0x000001a2fee4e300 GCTaskThread "GC Thread#6" [stack: 0x00000073a9700000,0x00000073a9800000] [id=11888]
  0x000001a2fee4e5b0 GCTaskThread "GC Thread#7" [stack: 0x00000073a9800000,0x00000073a9900000] [id=16876]
  0x000001a2e20c5790 ConcurrentGCThread "G1 Main Marker" [stack: 0x00000073a7700000,0x00000073a7800000] [id=4980]
  0x000001a2e20c61a0 ConcurrentGCThread "G1 Conc#0" [stack: 0x00000073a7800000,0x00000073a7900000] [id=1632]
  0x000001a2fed70780 ConcurrentGCThread "G1 Conc#1" [stack: 0x00000073a9900000,0x00000073a9a00000] [id=12480]
  0x000001a2fbd120c0 ConcurrentGCThread "G1 Refine#0" [stack: 0x00000073a7900000,0x00000073a7a00000] [id=9900]
  0x000001a2818c04a0 ConcurrentGCThread "G1 Refine#1" [stack: 0x00000073b0100000,0x00000073b0200000] [id=5732]
  0x000001a285de4060 ConcurrentGCThread "G1 Refine#2" [stack: 0x00000073b1600000,0x00000073b1700000] [id=6324]
  0x000001a285de4900 ConcurrentGCThread "G1 Refine#3" [stack: 0x00000073b1800000,0x00000073b1900000] [id=6372]
  0x000001a285de5760 ConcurrentGCThread "G1 Refine#4" [stack: 0x00000073b1900000,0x00000073b1a00000] [id=16632]
  0x000001a2e211ebc0 ConcurrentGCThread "G1 Service" [stack: 0x00000073a7a00000,0x00000073a7b00000] [id=16724]

Threads with active compile tasks:
C2 CompilerThread0   387762 20346   !   4       org.gradle.internal.service.DefaultServiceRegistry$ManagedObjectServiceProvider::getInstance (47 bytes)

VM state: not at safepoint (normal execution)

VM Mutex/Monitor currently owned by a thread: None

Heap address: 0x0000000080000000, size: 2048 MB, Compressed Oops mode: 32-bit

CDS archive(s) not mapped
Compressed class space mapped at: 0x0000000100000000-0x0000000140000000, reserved size: 1073741824
Narrow klass base: 0x0000000000000000, Narrow klass shift: 3, Narrow klass range: 0x140000000

GC Precious Log:
 CPUs: 8 total, 8 available
 Memory: 8025M
 Large Page Support: Disabled
 NUMA Support: Disabled
 Compressed Oops: Enabled (32-bit)
 Heap Region Size: 1M
 Heap Min Capacity: 8M
 Heap Initial Capacity: 126M
 Heap Max Capacity: 2G
 Pre-touch: Disabled
 Parallel Workers: 8
 Concurrent Workers: 2
 Concurrent Refinement Workers: 8
 Periodic GC: Disabled

Heap:
 garbage-first heap   total 288768K, used 182507K [0x0000000080000000, 0x0000000100000000)
  region size 1024K, 20 young (20480K), 4 survivors (4096K)
 Metaspace       used 133809K, committed 134848K, reserved 1171456K
  class space    used 18323K, committed 18816K, reserved 1048576K

Heap Regions: E=young(eden), S=young(survivor), O=old, HS=humongous(starts), HC=humongous(continues), CS=collection set, F=free, OA=open archive, CA=closed archive, TAMS=top-at-mark-start (previous, next)
|   0|0x0000000080000000, 0x0000000080100000, 0x0000000080100000|100%|HS|  |TAMS 0x0000000080100000, 0x0000000080000000| Complete 
|   1|0x0000000080100000, 0x0000000080200000, 0x0000000080200000|100%|HC|  |TAMS 0x0000000080200000, 0x0000000080100000| Complete 
|   2|0x0000000080200000, 0x0000000080300000, 0x0000000080300000|100%|HC|  |TAMS 0x0000000080300000, 0x0000000080200000| Complete 
|   3|0x0000000080300000, 0x0000000080400000, 0x0000000080400000|100%|HC|  |TAMS 0x0000000080400000, 0x0000000080300000| Complete 
|   4|0x0000000080400000, 0x0000000080500000, 0x0000000080500000|100%| O|  |TAMS 0x0000000080500000, 0x0000000080400000| Untracked 
|   5|0x0000000080500000, 0x0000000080600000, 0x0000000080600000|100%| O|  |TAMS 0x0000000080600000, 0x0000000080500000| Untracked 
|   6|0x0000000080600000, 0x0000000080700000, 0x0000000080700000|100%| O|  |TAMS 0x0000000080700000, 0x0000000080600000| Untracked 
|   7|0x0000000080700000, 0x0000000080800000, 0x0000000080800000|100%| O|  |TAMS 0x0000000080800000, 0x0000000080700000| Untracked 
|   8|0x0000000080800000, 0x0000000080900000, 0x0000000080900000|100%| O|  |TAMS 0x0000000080900000, 0x0000000080800000| Untracked 
|   9|0x0000000080900000, 0x00000000809f6000, 0x0000000080a00000| 96%| O|  |TAMS 0x00000000809f6000, 0x0000000080900000| Untracked 
|  10|0x0000000080a00000, 0x0000000080b00000, 0x0000000080b00000|100%| O|  |TAMS 0x0000000080b00000, 0x0000000080a00000| Untracked 
|  11|0x0000000080b00000, 0x0000000080c00000, 0x0000000080c00000|100%| O|  |TAMS 0x0000000080c00000, 0x0000000080b00000| Untracked 
|  12|0x0000000080c00000, 0x0000000080d00000, 0x0000000080d00000|100%| O|  |TAMS 0x0000000080d00000, 0x0000000080c00000| Untracked 
|  13|0x0000000080d00000, 0x0000000080e00000, 0x0000000080e00000|100%| O|  |TAMS 0x0000000080e00000, 0x0000000080d00000| Untracked 
|  14|0x0000000080e00000, 0x0000000080f00000, 0x0000000080f00000|100%| O|  |TAMS 0x0000000080f00000, 0x0000000080e00000| Untracked 
|  15|0x0000000080f00000, 0x0000000081000000, 0x0000000081000000|100%| O|  |TAMS 0x0000000081000000, 0x0000000080f00000| Untracked 
|  16|0x0000000081000000, 0x0000000081100000, 0x0000000081100000|100%| O|  |TAMS 0x0000000081100000, 0x0000000081000000| Untracked 
|  17|0x0000000081100000, 0x0000000081200000, 0x0000000081200000|100%| O|  |TAMS 0x0000000081200000, 0x0000000081100000| Untracked 
|  18|0x0000000081200000, 0x0000000081300000, 0x0000000081300000|100%| O|  |TAMS 0x0000000081300000, 0x0000000081200000| Untracked 
|  19|0x0000000081300000, 0x0000000081400000, 0x0000000081400000|100%| O|  |TAMS 0x0000000081400000, 0x0000000081300000| Untracked 
|  20|0x0000000081400000, 0x0000000081500000, 0x0000000081500000|100%| O|  |TAMS 0x0000000081500000, 0x0000000081400000| Untracked 
|  21|0x0000000081500000, 0x0000000081600000, 0x0000000081600000|100%| O|  |TAMS 0x0000000081600000, 0x0000000081500000| Untracked 
|  22|0x0000000081600000, 0x0000000081700000, 0x0000000081700000|100%| O|  |TAMS 0x0000000081700000, 0x0000000081600000| Untracked 
|  23|0x0000000081700000, 0x0000000081800000, 0x0000000081800000|100%| O|  |TAMS 0x0000000081800000, 0x0000000081700000| Untracked 
|  24|0x0000000081800000, 0x0000000081900000, 0x0000000081900000|100%|HS|  |TAMS 0x0000000081900000, 0x0000000081800000| Complete 
|  25|0x0000000081900000, 0x0000000081a00000, 0x0000000081a00000|100%| O|  |TAMS 0x0000000081a00000, 0x0000000081900000| Untracked 
|  26|0x0000000081a00000, 0x0000000081b00000, 0x0000000081b00000|100%| O|  |TAMS 0x0000000081b00000, 0x0000000081a00000| Untracked 
|  27|0x0000000081b00000, 0x0000000081c00000, 0x0000000081c00000|100%| O|  |TAMS 0x0000000081c00000, 0x0000000081b00000| Untracked 
|  28|0x0000000081c00000, 0x0000000081d00000, 0x0000000081d00000|100%| O|  |TAMS 0x0000000081d00000, 0x0000000081c00000| Untracked 
|  29|0x0000000081d00000, 0x0000000081e00000, 0x0000000081e00000|100%| O|  |TAMS 0x0000000081e00000, 0x0000000081d00000| Untracked 
|  30|0x0000000081e00000, 0x0000000081f00000, 0x0000000081f00000|100%| O|  |TAMS 0x0000000081f00000, 0x0000000081e00000| Untracked 
|  31|0x0000000081f00000, 0x0000000082000000, 0x0000000082000000|100%| O|  |TAMS 0x0000000082000000, 0x0000000081f00000| Untracked 
|  32|0x0000000082000000, 0x0000000082100000, 0x0000000082100000|100%|HS|  |TAMS 0x0000000082100000, 0x0000000082000000| Complete 
|  33|0x0000000082100000, 0x0000000082200000, 0x0000000082200000|100%| O|  |TAMS 0x0000000082200000, 0x0000000082100000| Untracked 
|  34|0x0000000082200000, 0x0000000082300000, 0x0000000082300000|100%| O|  |TAMS 0x0000000082300000, 0x0000000082200000| Untracked 
|  35|0x0000000082300000, 0x0000000082400000, 0x0000000082400000|100%|HS|  |TAMS 0x0000000082400000, 0x0000000082300000| Complete 
|  36|0x0000000082400000, 0x0000000082500000, 0x0000000082500000|100%|HS|  |TAMS 0x0000000082500000, 0x0000000082400000| Complete 
|  37|0x0000000082500000, 0x0000000082600000, 0x0000000082600000|100%|HC|  |TAMS 0x0000000082600000, 0x0000000082500000| Complete 
|  38|0x0000000082600000, 0x0000000082700000, 0x0000000082700000|100%| O|  |TAMS 0x0000000082700000, 0x0000000082600000| Untracked 
|  39|0x0000000082700000, 0x0000000082800000, 0x0000000082800000|100%|HS|  |TAMS 0x0000000082800000, 0x0000000082700000| Complete 
|  40|0x0000000082800000, 0x0000000082900000, 0x0000000082900000|100%|HC|  |TAMS 0x0000000082900000, 0x0000000082800000| Complete 
|  41|0x0000000082900000, 0x0000000082a00000, 0x0000000082a00000|100%|HC|  |TAMS 0x0000000082a00000, 0x0000000082900000| Complete 
|  42|0x0000000082a00000, 0x0000000082b00000, 0x0000000082b00000|100%|HC|  |TAMS 0x0000000082b00000, 0x0000000082a00000| Complete 
|  43|0x0000000082b00000, 0x0000000082c00000, 0x0000000082c00000|100%| O|  |TAMS 0x0000000082c00000, 0x0000000082b00000| Untracked 
|  44|0x0000000082c00000, 0x0000000082d00000, 0x0000000082d00000|100%| O|  |TAMS 0x0000000082d00000, 0x0000000082c00000| Untracked 
|  45|0x0000000082d00000, 0x0000000082e00000, 0x0000000082e00000|100%| O|  |TAMS 0x0000000082e00000, 0x0000000082d00000| Untracked 
|  46|0x0000000082e00000, 0x0000000082f00000, 0x0000000082f00000|100%| O|  |TAMS 0x0000000082f00000, 0x0000000082e00000| Untracked 
|  47|0x0000000082f00000, 0x0000000083000000, 0x0000000083000000|100%| O|  |TAMS 0x0000000083000000, 0x0000000082f00000| Untracked 
|  48|0x0000000083000000, 0x0000000083100000, 0x0000000083100000|100%| O|  |TAMS 0x0000000083100000, 0x0000000083000000| Untracked 
|  49|0x0000000083100000, 0x0000000083200000, 0x0000000083200000|100%| O|  |TAMS 0x0000000083200000, 0x0000000083100000| Untracked 
|  50|0x0000000083200000, 0x0000000083300000, 0x0000000083300000|100%| O|  |TAMS 0x0000000083300000, 0x0000000083200000| Untracked 
|  51|0x0000000083300000, 0x0000000083400000, 0x0000000083400000|100%| O|  |TAMS 0x0000000083400000, 0x0000000083300000| Untracked 
|  52|0x0000000083400000, 0x0000000083500000, 0x0000000083500000|100%| O|  |TAMS 0x0000000083500000, 0x0000000083400000| Untracked 
|  53|0x0000000083500000, 0x0000000083600000, 0x0000000083600000|100%|HS|  |TAMS 0x0000000083500000, 0x0000000083500000| Complete 
|  54|0x0000000083600000, 0x0000000083700000, 0x0000000083700000|100%| O|  |TAMS 0x0000000083700000, 0x0000000083600000| Untracked 
|  55|0x0000000083700000, 0x0000000083800000, 0x0000000083800000|100%| O|  |TAMS 0x0000000083800000, 0x0000000083700000| Untracked 
|  56|0x0000000083800000, 0x0000000083900000, 0x0000000083900000|100%| O|  |TAMS 0x0000000083900000, 0x0000000083800000| Untracked 
|  57|0x0000000083900000, 0x0000000083a00000, 0x0000000083a00000|100%| O|  |TAMS 0x0000000083a00000, 0x0000000083900000| Untracked 
|  58|0x0000000083a00000, 0x0000000083b00000, 0x0000000083b00000|100%| O|  |TAMS 0x0000000083b00000, 0x0000000083a00000| Untracked 
|  59|0x0000000083b00000, 0x0000000083c00000, 0x0000000083c00000|100%| O|  |TAMS 0x0000000083c00000, 0x0000000083b00000| Untracked 
|  60|0x0000000083c00000, 0x0000000083d00000, 0x0000000083d00000|100%| O|  |TAMS 0x0000000083d00000, 0x0000000083c00000| Untracked 
|  61|0x0000000083d00000, 0x0000000083e00000, 0x0000000083e00000|100%| O|  |TAMS 0x0000000083e00000, 0x0000000083d00000| Untracked 
|  62|0x0000000083e00000, 0x0000000083f00000, 0x0000000083f00000|100%| O|  |TAMS 0x0000000083f00000, 0x0000000083e00000| Untracked 
|  63|0x0000000083f00000, 0x0000000084000000, 0x0000000084000000|100%| O|  |TAMS 0x0000000084000000, 0x0000000083f00000| Untracked 
|  64|0x0000000084000000, 0x0000000084100000, 0x0000000084100000|100%| O|  |TAMS 0x0000000084100000, 0x0000000084000000| Untracked 
|  65|0x0000000084100000, 0x0000000084200000, 0x0000000084200000|100%| O|  |TAMS 0x0000000084200000, 0x0000000084100000| Untracked 
|  66|0x0000000084200000, 0x0000000084300000, 0x0000000084300000|100%| O|  |TAMS 0x0000000084300000, 0x0000000084200000| Untracked 
|  67|0x0000000084300000, 0x0000000084400000, 0x0000000084400000|100%| O|  |TAMS 0x0000000084400000, 0x0000000084300000| Untracked 
|  68|0x0000000084400000, 0x0000000084500000, 0x0000000084500000|100%| O|  |TAMS 0x0000000084500000, 0x0000000084400000| Untracked 
|  69|0x0000000084500000, 0x0000000084600000, 0x0000000084600000|100%| O|  |TAMS 0x0000000084600000, 0x0000000084500000| Untracked 
|  70|0x0000000084600000, 0x0000000084700000, 0x0000000084700000|100%| O|  |TAMS 0x0000000084700000, 0x0000000084600000| Untracked 
|  71|0x0000000084700000, 0x0000000084800000, 0x0000000084800000|100%| O|  |TAMS 0x0000000084800000, 0x0000000084700000| Untracked 
|  72|0x0000000084800000, 0x0000000084900000, 0x0000000084900000|100%| O|  |TAMS 0x0000000084900000, 0x0000000084800000| Untracked 
|  73|0x0000000084900000, 0x0000000084a00000, 0x0000000084a00000|100%| O|  |TAMS 0x0000000084a00000, 0x0000000084900000| Untracked 
|  74|0x0000000084a00000, 0x0000000084b00000, 0x0000000084b00000|100%| O|  |TAMS 0x0000000084b00000, 0x0000000084a00000| Untracked 
|  75|0x0000000084b00000, 0x0000000084c00000, 0x0000000084c00000|100%| O|  |TAMS 0x0000000084c00000, 0x0000000084b00000| Untracked 
|  76|0x0000000084c00000, 0x0000000084d00000, 0x0000000084d00000|100%| O|  |TAMS 0x0000000084d00000, 0x0000000084c00000| Untracked 
|  77|0x0000000084d00000, 0x0000000084e00000, 0x0000000084e00000|100%| O|  |TAMS 0x0000000084e00000, 0x0000000084d00000| Untracked 
|  78|0x0000000084e00000, 0x0000000084f00000, 0x0000000084f00000|100%| O|  |TAMS 0x0000000084f00000, 0x0000000084e00000| Untracked 
|  79|0x0000000084f00000, 0x0000000085000000, 0x0000000085000000|100%| O|  |TAMS 0x0000000085000000, 0x0000000084f00000| Untracked 
|  80|0x0000000085000000, 0x0000000085100000, 0x0000000085100000|100%| O|  |TAMS 0x0000000085100000, 0x0000000085000000| Untracked 
|  81|0x0000000085100000, 0x0000000085200000, 0x0000000085200000|100%| O|  |TAMS 0x0000000085200000, 0x0000000085100000| Untracked 
|  82|0x0000000085200000, 0x0000000085300000, 0x0000000085300000|100%| O|  |TAMS 0x0000000085300000, 0x0000000085200000| Untracked 
|  83|0x0000000085300000, 0x0000000085400000, 0x0000000085400000|100%| O|  |TAMS 0x0000000085400000, 0x0000000085300000| Untracked 
|  84|0x0000000085400000, 0x0000000085500000, 0x0000000085500000|100%| O|  |TAMS 0x0000000085500000, 0x0000000085400000| Untracked 
|  85|0x0000000085500000, 0x0000000085600000, 0x0000000085600000|100%| O|  |TAMS 0x0000000085600000, 0x0000000085500000| Untracked 
|  86|0x0000000085600000, 0x0000000085700000, 0x0000000085700000|100%| O|  |TAMS 0x0000000085700000, 0x0000000085600000| Untracked 
|  87|0x0000000085700000, 0x0000000085800000, 0x0000000085800000|100%| O|  |TAMS 0x0000000085800000, 0x0000000085700000| Untracked 
|  88|0x0000000085800000, 0x0000000085900000, 0x0000000085900000|100%| O|  |TAMS 0x0000000085900000, 0x0000000085800000| Untracked 
|  89|0x0000000085900000, 0x0000000085a00000, 0x0000000085a00000|100%| O|  |TAMS 0x0000000085a00000, 0x0000000085900000| Untracked 
|  90|0x0000000085a00000, 0x0000000085b00000, 0x0000000085b00000|100%| O|  |TAMS 0x0000000085b00000, 0x0000000085a00000| Untracked 
|  91|0x0000000085b00000, 0x0000000085c00000, 0x0000000085c00000|100%| O|  |TAMS 0x0000000085c00000, 0x0000000085b00000| Untracked 
|  92|0x0000000085c00000, 0x0000000085d00000, 0x0000000085d00000|100%| O|  |TAMS 0x0000000085d00000, 0x0000000085c00000| Untracked 
|  93|0x0000000085d00000, 0x0000000085e00000, 0x0000000085e00000|100%| O|  |TAMS 0x0000000085e00000, 0x0000000085d00000| Untracked 
|  94|0x0000000085e00000, 0x0000000085f00000, 0x0000000085f00000|100%| O|  |TAMS 0x0000000085f00000, 0x0000000085e00000| Untracked 
|  95|0x0000000085f00000, 0x0000000086000000, 0x0000000086000000|100%| O|  |TAMS 0x0000000086000000, 0x0000000085f00000| Untracked 
|  96|0x0000000086000000, 0x0000000086100000, 0x0000000086100000|100%| O|  |TAMS 0x0000000086100000, 0x0000000086000000| Untracked 
|  97|0x0000000086100000, 0x0000000086200000, 0x0000000086200000|100%| O|  |TAMS 0x0000000086200000, 0x0000000086100000| Untracked 
|  98|0x0000000086200000, 0x0000000086300000, 0x0000000086300000|100%| O|  |TAMS 0x0000000086300000, 0x0000000086200000| Untracked 
|  99|0x0000000086300000, 0x0000000086400000, 0x0000000086400000|100%| O|  |TAMS 0x0000000086400000, 0x0000000086300000| Untracked 
| 100|0x0000000086400000, 0x0000000086500000, 0x0000000086500000|100%| O|  |TAMS 0x0000000086500000, 0x0000000086400000| Untracked 
| 101|0x0000000086500000, 0x0000000086600000, 0x0000000086600000|100%| O|  |TAMS 0x0000000086600000, 0x0000000086500000| Untracked 
| 102|0x0000000086600000, 0x0000000086700000, 0x0000000086700000|100%| O|  |TAMS 0x0000000086700000, 0x0000000086600000| Complete 
| 103|0x0000000086700000, 0x0000000086800000, 0x0000000086800000|100%| O|  |TAMS 0x0000000086800000, 0x0000000086700000| Untracked 
| 104|0x0000000086800000, 0x0000000086900000, 0x0000000086900000|100%| O|  |TAMS 0x0000000086900000, 0x0000000086800000| Untracked 
| 105|0x0000000086900000, 0x0000000086a00000, 0x0000000086a00000|100%| O|  |TAMS 0x0000000086a00000, 0x0000000086900000| Untracked 
| 106|0x0000000086a00000, 0x0000000086b00000, 0x0000000086b00000|100%| O|  |TAMS 0x0000000086b00000, 0x0000000086a00000| Untracked 
| 107|0x0000000086b00000, 0x0000000086c00000, 0x0000000086c00000|100%| O|  |TAMS 0x0000000086c00000, 0x0000000086b00000| Untracked 
| 108|0x0000000086c00000, 0x0000000086d00000, 0x0000000086d00000|100%| O|  |TAMS 0x0000000086d00000, 0x0000000086c00000| Untracked 
| 109|0x0000000086d00000, 0x0000000086e00000, 0x0000000086e00000|100%| O|  |TAMS 0x0000000086e00000, 0x0000000086d00000| Untracked 
| 110|0x0000000086e00000, 0x0000000086f00000, 0x0000000086f00000|100%| O|  |TAMS 0x0000000086f00000, 0x0000000086e00000| Complete 
| 111|0x0000000086f00000, 0x0000000087000000, 0x0000000087000000|100%|HS|  |TAMS 0x0000000086f00000, 0x0000000086f00000| Complete 
| 112|0x0000000087000000, 0x0000000087100000, 0x0000000087100000|100%|HC|  |TAMS 0x0000000087000000, 0x0000000087000000| Complete 
| 113|0x0000000087100000, 0x0000000087200000, 0x0000000087200000|100%| O|  |TAMS 0x0000000087200000, 0x0000000087100000| Untracked 
| 114|0x0000000087200000, 0x0000000087300000, 0x0000000087300000|100%| O|  |TAMS 0x0000000087300000, 0x0000000087200000| Untracked 
| 115|0x0000000087300000, 0x0000000087400000, 0x0000000087400000|100%| O|  |TAMS 0x0000000087400000, 0x0000000087300000| Untracked 
| 116|0x0000000087400000, 0x0000000087500000, 0x0000000087500000|100%| O|  |TAMS 0x0000000087500000, 0x0000000087400000| Untracked 
| 117|0x0000000087500000, 0x0000000087600000, 0x0000000087600000|100%| O|  |TAMS 0x0000000087600000, 0x0000000087500000| Untracked 
| 118|0x0000000087600000, 0x0000000087700000, 0x0000000087700000|100%| O|  |TAMS 0x0000000087700000, 0x0000000087600000| Untracked 
| 119|0x0000000087700000, 0x0000000087800000, 0x0000000087800000|100%| O|  |TAMS 0x0000000087800000, 0x0000000087700000| Untracked 
| 120|0x0000000087800000, 0x0000000087900000, 0x0000000087900000|100%| O|  |TAMS 0x0000000087900000, 0x0000000087800000| Complete 
| 121|0x0000000087900000, 0x0000000087a00000, 0x0000000087a00000|100%| O|  |TAMS 0x0000000087a00000, 0x0000000087900000| Complete 
| 122|0x0000000087a00000, 0x0000000087b00000, 0x0000000087b00000|100%|HS|  |TAMS 0x0000000087a00000, 0x0000000087a00000| Complete 
| 123|0x0000000087b00000, 0x0000000087c00000, 0x0000000087c00000|100%|HC|  |TAMS 0x0000000087b00000, 0x0000000087b00000| Complete 
| 124|0x0000000087c00000, 0x0000000087d00000, 0x0000000087d00000|100%| O|  |TAMS 0x0000000087d00000, 0x0000000087c00000| Untracked 
| 125|0x0000000087d00000, 0x0000000087e00000, 0x0000000087e00000|100%| O|  |TAMS 0x0000000087e00000, 0x0000000087d00000| Complete 
| 126|0x0000000087e00000, 0x0000000087e28e00, 0x0000000087f00000| 15%| O|  |TAMS 0x0000000087e28e00, 0x0000000087e00000| Untracked 
| 127|0x0000000087f00000, 0x0000000088000000, 0x0000000088000000|100%|HS|  |TAMS 0x0000000087f00000, 0x0000000087f00000| Complete 
| 128|0x0000000088000000, 0x0000000088100000, 0x0000000088100000|100%|HC|  |TAMS 0x0000000088000000, 0x0000000088000000| Complete 
| 129|0x0000000088100000, 0x0000000088200000, 0x0000000088200000|100%|HS|  |TAMS 0x0000000088100000, 0x0000000088100000| Complete 
| 130|0x0000000088200000, 0x0000000088300000, 0x0000000088300000|100%|HC|  |TAMS 0x0000000088200000, 0x0000000088200000| Complete 
| 131|0x0000000088300000, 0x0000000088400000, 0x0000000088400000|100%|HS|  |TAMS 0x0000000088300000, 0x0000000088300000| Complete 
| 132|0x0000000088400000, 0x0000000088500000, 0x0000000088500000|100%|HC|  |TAMS 0x0000000088400000, 0x0000000088400000| Complete 
| 133|0x0000000088500000, 0x0000000088600000, 0x0000000088600000|100%|HS|  |TAMS 0x0000000088500000, 0x0000000088500000| Complete 
| 134|0x0000000088600000, 0x0000000088700000, 0x0000000088700000|100%|HC|  |TAMS 0x0000000088600000, 0x0000000088600000| Complete 
| 135|0x0000000088700000, 0x0000000088700000, 0x0000000088800000|  0%| F|  |TAMS 0x0000000088700000, 0x0000000088700000| Untracked 
| 136|0x0000000088800000, 0x0000000088900000, 0x0000000088900000|100%| O|  |TAMS 0x0000000088900000, 0x0000000088800000| Untracked 
| 137|0x0000000088900000, 0x0000000088a00000, 0x0000000088a00000|100%| O|  |TAMS 0x0000000088a00000, 0x0000000088900000| Untracked 
| 138|0x0000000088a00000, 0x0000000088b00000, 0x0000000088b00000|100%| O|  |TAMS 0x0000000088b00000, 0x0000000088a00000| Untracked 
| 139|0x0000000088b00000, 0x0000000088c00000, 0x0000000088c00000|100%|HS|  |TAMS 0x0000000088b00000, 0x0000000088b00000| Complete 
| 140|0x0000000088c00000, 0x0000000088d00000, 0x0000000088d00000|100%|HC|  |TAMS 0x0000000088c00000, 0x0000000088c00000| Complete 
| 141|0x0000000088d00000, 0x0000000088e00000, 0x0000000088e00000|100%|HS|  |TAMS 0x0000000088d00000, 0x0000000088d00000| Complete 
| 142|0x0000000088e00000, 0x0000000088f00000, 0x0000000088f00000|100%|HC|  |TAMS 0x0000000088e00000, 0x0000000088e00000| Complete 
| 143|0x0000000088f00000, 0x0000000089000000, 0x0000000089000000|100%|HS|  |TAMS 0x0000000088f00000, 0x0000000088f00000| Complete 
| 144|0x0000000089000000, 0x0000000089100000, 0x0000000089100000|100%|HC|  |TAMS 0x0000000089000000, 0x0000000089000000| Complete 
| 145|0x0000000089100000, 0x0000000089200000, 0x0000000089200000|100%|HS|  |TAMS 0x0000000089100000, 0x0000000089100000| Complete 
| 146|0x0000000089200000, 0x0000000089300000, 0x0000000089300000|100%|HC|  |TAMS 0x0000000089200000, 0x0000000089200000| Complete 
| 147|0x0000000089300000, 0x0000000089300000, 0x0000000089400000|  0%| F|  |TAMS 0x0000000089300000, 0x0000000089300000| Untracked 
| 148|0x0000000089400000, 0x0000000089500000, 0x0000000089500000|100%| O|  |TAMS 0x0000000089500000, 0x0000000089400000| Untracked 
| 149|0x0000000089500000, 0x0000000089600000, 0x0000000089600000|100%| O|  |TAMS 0x0000000089600000, 0x0000000089500000| Untracked 
| 150|0x0000000089600000, 0x0000000089700000, 0x0000000089700000|100%| O|  |TAMS 0x0000000089700000, 0x0000000089600000| Untracked 
| 151|0x0000000089700000, 0x0000000089800000, 0x0000000089800000|100%| O|  |TAMS 0x0000000089800000, 0x0000000089700000| Untracked 
| 152|0x0000000089800000, 0x0000000089900000, 0x0000000089900000|100%| O|  |TAMS 0x0000000089900000, 0x0000000089800000| Untracked 
| 153|0x0000000089900000, 0x0000000089a00000, 0x0000000089a00000|100%| O|  |TAMS 0x0000000089a00000, 0x0000000089900000| Untracked 
| 154|0x0000000089a00000, 0x0000000089b00000, 0x0000000089b00000|100%| O|  |TAMS 0x0000000089b00000, 0x0000000089a00000| Untracked 
| 155|0x0000000089b00000, 0x0000000089c00000, 0x0000000089c00000|100%| O|  |TAMS 0x0000000089c00000, 0x0000000089b00000| Untracked 
| 156|0x0000000089c00000, 0x0000000089d00000, 0x0000000089d00000|100%| O|  |TAMS 0x0000000089d00000, 0x0000000089c00000| Untracked 
| 157|0x0000000089d00000, 0x0000000089e00000, 0x0000000089e00000|100%| O|  |TAMS 0x0000000089e00000, 0x0000000089d00000| Untracked 
| 158|0x0000000089e00000, 0x0000000089f00000, 0x0000000089f00000|100%| O|  |TAMS 0x0000000089f00000, 0x0000000089e00000| Untracked 
| 159|0x0000000089f00000, 0x000000008a000000, 0x000000008a000000|100%| O|  |TAMS 0x000000008a000000, 0x0000000089f00000| Untracked 
| 160|0x000000008a000000, 0x000000008a100000, 0x000000008a100000|100%| O|  |TAMS 0x000000008a100000, 0x000000008a000000| Untracked 
| 161|0x000000008a100000, 0x000000008a200000, 0x000000008a200000|100%| O|  |TAMS 0x000000008a200000, 0x000000008a100000| Untracked 
| 162|0x000000008a200000, 0x000000008a300000, 0x000000008a300000|100%|HS|  |TAMS 0x000000008a200000, 0x000000008a200000| Complete 
| 163|0x000000008a300000, 0x000000008a400000, 0x000000008a400000|100%|HC|  |TAMS 0x000000008a300000, 0x000000008a300000| Complete 
| 164|0x000000008a400000, 0x000000008a400000, 0x000000008a500000|  0%| F|  |TAMS 0x000000008a400000, 0x000000008a400000| Untracked 
| 165|0x000000008a500000, 0x000000008a500000, 0x000000008a600000|  0%| F|  |TAMS 0x000000008a500000, 0x000000008a500000| Untracked 
| 166|0x000000008a600000, 0x000000008a600000, 0x000000008a700000|  0%| F|  |TAMS 0x000000008a600000, 0x000000008a600000| Untracked 
| 167|0x000000008a700000, 0x000000008a700000, 0x000000008a800000|  0%| F|  |TAMS 0x000000008a700000, 0x000000008a700000| Untracked 
| 168|0x000000008a800000, 0x000000008a800000, 0x000000008a900000|  0%| F|  |TAMS 0x000000008a800000, 0x000000008a800000| Untracked 
| 169|0x000000008a900000, 0x000000008a900000, 0x000000008aa00000|  0%| F|  |TAMS 0x000000008a900000, 0x000000008a900000| Untracked 
| 170|0x000000008aa00000, 0x000000008aa00000, 0x000000008ab00000|  0%| F|  |TAMS 0x000000008aa00000, 0x000000008aa00000| Untracked 
| 171|0x000000008ab00000, 0x000000008ab00000, 0x000000008ac00000|  0%| F|  |TAMS 0x000000008ab00000, 0x000000008ab00000| Untracked 
| 172|0x000000008ac00000, 0x000000008ac00000, 0x000000008ad00000|  0%| F|  |TAMS 0x000000008ac00000, 0x000000008ac00000| Untracked 
| 173|0x000000008ad00000, 0x000000008ad00000, 0x000000008ae00000|  0%| F|  |TAMS 0x000000008ad00000, 0x000000008ad00000| Untracked 
| 174|0x000000008ae00000, 0x000000008ae00000, 0x000000008af00000|  0%| F|  |TAMS 0x000000008ae00000, 0x000000008ae00000| Untracked 
| 175|0x000000008af00000, 0x000000008af00000, 0x000000008b000000|  0%| F|  |TAMS 0x000000008af00000, 0x000000008af00000| Untracked 
| 176|0x000000008b000000, 0x000000008b000000, 0x000000008b100000|  0%| F|  |TAMS 0x000000008b000000, 0x000000008b000000| Untracked 
| 177|0x000000008b100000, 0x000000008b100000, 0x000000008b200000|  0%| F|  |TAMS 0x000000008b100000, 0x000000008b100000| Untracked 
| 178|0x000000008b200000, 0x000000008b200000, 0x000000008b300000|  0%| F|  |TAMS 0x000000008b200000, 0x000000008b200000| Untracked 
| 179|0x000000008b300000, 0x000000008b300000, 0x000000008b400000|  0%| F|  |TAMS 0x000000008b300000, 0x000000008b300000| Untracked 
| 180|0x000000008b400000, 0x000000008b400000, 0x000000008b500000|  0%| F|  |TAMS 0x000000008b400000, 0x000000008b400000| Untracked 
| 181|0x000000008b500000, 0x000000008b500000, 0x000000008b600000|  0%| F|  |TAMS 0x000000008b500000, 0x000000008b500000| Untracked 
| 182|0x000000008b600000, 0x000000008b600000, 0x000000008b700000|  0%| F|  |TAMS 0x000000008b600000, 0x000000008b600000| Untracked 
| 183|0x000000008b700000, 0x000000008b700000, 0x000000008b800000|  0%| F|  |TAMS 0x000000008b700000, 0x000000008b700000| Untracked 
| 184|0x000000008b800000, 0x000000008b800000, 0x000000008b900000|  0%| F|  |TAMS 0x000000008b800000, 0x000000008b800000| Untracked 
| 185|0x000000008b900000, 0x000000008b900000, 0x000000008ba00000|  0%| F|  |TAMS 0x000000008b900000, 0x000000008b900000| Untracked 
| 186|0x000000008ba00000, 0x000000008ba00000, 0x000000008bb00000|  0%| F|  |TAMS 0x000000008ba00000, 0x000000008ba00000| Untracked 
| 187|0x000000008bb00000, 0x000000008bb00000, 0x000000008bc00000|  0%| F|  |TAMS 0x000000008bb00000, 0x000000008bb00000| Untracked 
| 188|0x000000008bc00000, 0x000000008bc00000, 0x000000008bd00000|  0%| F|  |TAMS 0x000000008bc00000, 0x000000008bc00000| Untracked 
| 189|0x000000008bd00000, 0x000000008bd00000, 0x000000008be00000|  0%| F|  |TAMS 0x000000008bd00000, 0x000000008bd00000| Untracked 
| 190|0x000000008be00000, 0x000000008be00000, 0x000000008bf00000|  0%| F|  |TAMS 0x000000008be00000, 0x000000008be00000| Untracked 
| 191|0x000000008bf00000, 0x000000008bf00000, 0x000000008c000000|  0%| F|  |TAMS 0x000000008bf00000, 0x000000008bf00000| Untracked 
| 192|0x000000008c000000, 0x000000008c000000, 0x000000008c100000|  0%| F|  |TAMS 0x000000008c000000, 0x000000008c000000| Untracked 
| 193|0x000000008c100000, 0x000000008c100000, 0x000000008c200000|  0%| F|  |TAMS 0x000000008c100000, 0x000000008c100000| Untracked 
| 194|0x000000008c200000, 0x000000008c200000, 0x000000008c300000|  0%| F|  |TAMS 0x000000008c200000, 0x000000008c200000| Untracked 
| 195|0x000000008c300000, 0x000000008c300000, 0x000000008c400000|  0%| F|  |TAMS 0x000000008c300000, 0x000000008c300000| Untracked 
| 196|0x000000008c400000, 0x000000008c400000, 0x000000008c500000|  0%| F|  |TAMS 0x000000008c400000, 0x000000008c400000| Untracked 
| 197|0x000000008c500000, 0x000000008c500000, 0x000000008c600000|  0%| F|  |TAMS 0x000000008c500000, 0x000000008c500000| Untracked 
| 198|0x000000008c600000, 0x000000008c600000, 0x000000008c700000|  0%| F|  |TAMS 0x000000008c600000, 0x000000008c600000| Untracked 
| 199|0x000000008c700000, 0x000000008c700000, 0x000000008c800000|  0%| F|  |TAMS 0x000000008c700000, 0x000000008c700000| Untracked 
| 200|0x000000008c800000, 0x000000008c800000, 0x000000008c900000|  0%| F|  |TAMS 0x000000008c800000, 0x000000008c800000| Untracked 
| 201|0x000000008c900000, 0x000000008c900000, 0x000000008ca00000|  0%| F|  |TAMS 0x000000008c900000, 0x000000008c900000| Untracked 
| 202|0x000000008ca00000, 0x000000008ca00000, 0x000000008cb00000|  0%| F|  |TAMS 0x000000008ca00000, 0x000000008ca00000| Untracked 
| 203|0x000000008cb00000, 0x000000008cb00000, 0x000000008cc00000|  0%| F|  |TAMS 0x000000008cb00000, 0x000000008cb00000| Untracked 
| 204|0x000000008cc00000, 0x000000008cc00000, 0x000000008cd00000|  0%| F|  |TAMS 0x000000008cc00000, 0x000000008cc00000| Untracked 
| 205|0x000000008cd00000, 0x000000008cd00000, 0x000000008ce00000|  0%| F|  |TAMS 0x000000008cd00000, 0x000000008cd00000| Untracked 
| 206|0x000000008ce00000, 0x000000008ce00000, 0x000000008cf00000|  0%| F|  |TAMS 0x000000008ce00000, 0x000000008ce00000| Untracked 
| 207|0x000000008cf00000, 0x000000008cf00000, 0x000000008d000000|  0%| F|  |TAMS 0x000000008cf00000, 0x000000008cf00000| Untracked 
| 208|0x000000008d000000, 0x000000008d000000, 0x000000008d100000|  0%| F|  |TAMS 0x000000008d000000, 0x000000008d000000| Untracked 
| 209|0x000000008d100000, 0x000000008d100000, 0x000000008d200000|  0%| F|  |TAMS 0x000000008d100000, 0x000000008d100000| Untracked 
| 210|0x000000008d200000, 0x000000008d200000, 0x000000008d300000|  0%| F|  |TAMS 0x000000008d200000, 0x000000008d200000| Untracked 
| 211|0x000000008d300000, 0x000000008d300000, 0x000000008d400000|  0%| F|  |TAMS 0x000000008d300000, 0x000000008d300000| Untracked 
| 212|0x000000008d400000, 0x000000008d400000, 0x000000008d500000|  0%| F|  |TAMS 0x000000008d400000, 0x000000008d400000| Untracked 
| 213|0x000000008d500000, 0x000000008d500000, 0x000000008d600000|  0%| F|  |TAMS 0x000000008d500000, 0x000000008d500000| Untracked 
| 214|0x000000008d600000, 0x000000008d600000, 0x000000008d700000|  0%| F|  |TAMS 0x000000008d600000, 0x000000008d600000| Untracked 
| 215|0x000000008d700000, 0x000000008d700000, 0x000000008d800000|  0%| F|  |TAMS 0x000000008d700000, 0x000000008d700000| Untracked 
| 216|0x000000008d800000, 0x000000008d800000, 0x000000008d900000|  0%| F|  |TAMS 0x000000008d800000, 0x000000008d800000| Untracked 
| 217|0x000000008d900000, 0x000000008d900000, 0x000000008da00000|  0%| F|  |TAMS 0x000000008d900000, 0x000000008d900000| Untracked 
| 218|0x000000008da00000, 0x000000008da00000, 0x000000008db00000|  0%| F|  |TAMS 0x000000008da00000, 0x000000008da00000| Untracked 
| 219|0x000000008db00000, 0x000000008db00000, 0x000000008dc00000|  0%| F|  |TAMS 0x000000008db00000, 0x000000008db00000| Untracked 
| 220|0x000000008dc00000, 0x000000008dc00000, 0x000000008dd00000|  0%| F|  |TAMS 0x000000008dc00000, 0x000000008dc00000| Untracked 
| 221|0x000000008dd00000, 0x000000008dd00000, 0x000000008de00000|  0%| F|  |TAMS 0x000000008dd00000, 0x000000008dd00000| Untracked 
| 222|0x000000008de00000, 0x000000008de00000, 0x000000008df00000|  0%| F|  |TAMS 0x000000008de00000, 0x000000008de00000| Untracked 
| 223|0x000000008df00000, 0x000000008df00000, 0x000000008e000000|  0%| F|  |TAMS 0x000000008df00000, 0x000000008df00000| Untracked 
| 224|0x000000008e000000, 0x000000008e000000, 0x000000008e100000|  0%| F|  |TAMS 0x000000008e000000, 0x000000008e000000| Untracked 
| 225|0x000000008e100000, 0x000000008e100000, 0x000000008e200000|  0%| F|  |TAMS 0x000000008e100000, 0x000000008e100000| Untracked 
| 226|0x000000008e200000, 0x000000008e200000, 0x000000008e300000|  0%| F|  |TAMS 0x000000008e200000, 0x000000008e200000| Untracked 
| 227|0x000000008e300000, 0x000000008e300000, 0x000000008e400000|  0%| F|  |TAMS 0x000000008e300000, 0x000000008e300000| Untracked 
| 228|0x000000008e400000, 0x000000008e400000, 0x000000008e500000|  0%| F|  |TAMS 0x000000008e400000, 0x000000008e400000| Untracked 
| 229|0x000000008e500000, 0x000000008e500000, 0x000000008e600000|  0%| F|  |TAMS 0x000000008e500000, 0x000000008e500000| Untracked 
| 230|0x000000008e600000, 0x000000008e600000, 0x000000008e700000|  0%| F|  |TAMS 0x000000008e600000, 0x000000008e600000| Untracked 
| 231|0x000000008e700000, 0x000000008e700000, 0x000000008e800000|  0%| F|  |TAMS 0x000000008e700000, 0x000000008e700000| Untracked 
| 232|0x000000008e800000, 0x000000008e800000, 0x000000008e900000|  0%| F|  |TAMS 0x000000008e800000, 0x000000008e800000| Untracked 
| 233|0x000000008e900000, 0x000000008e900000, 0x000000008ea00000|  0%| F|  |TAMS 0x000000008e900000, 0x000000008e900000| Untracked 
| 234|0x000000008ea00000, 0x000000008ea00000, 0x000000008eb00000|  0%| F|  |TAMS 0x000000008ea00000, 0x000000008ea00000| Untracked 
| 235|0x000000008eb00000, 0x000000008eb00000, 0x000000008ec00000|  0%| F|  |TAMS 0x000000008eb00000, 0x000000008eb00000| Untracked 
| 236|0x000000008ec00000, 0x000000008ec00000, 0x000000008ed00000|  0%| F|  |TAMS 0x000000008ec00000, 0x000000008ec00000| Untracked 
| 237|0x000000008ed00000, 0x000000008ed00000, 0x000000008ee00000|  0%| F|  |TAMS 0x000000008ed00000, 0x000000008ed00000| Untracked 
| 238|0x000000008ee00000, 0x000000008ee00000, 0x000000008ef00000|  0%| F|  |TAMS 0x000000008ee00000, 0x000000008ee00000| Untracked 
| 239|0x000000008ef00000, 0x000000008ef00000, 0x000000008f000000|  0%| F|  |TAMS 0x000000008ef00000, 0x000000008ef00000| Untracked 
| 240|0x000000008f000000, 0x000000008f000000, 0x000000008f100000|  0%| F|  |TAMS 0x000000008f000000, 0x000000008f000000| Untracked 
| 241|0x000000008f100000, 0x000000008f100000, 0x000000008f200000|  0%| F|  |TAMS 0x000000008f100000, 0x000000008f100000| Untracked 
| 242|0x000000008f200000, 0x000000008f200000, 0x000000008f300000|  0%| F|  |TAMS 0x000000008f200000, 0x000000008f200000| Untracked 
| 243|0x000000008f300000, 0x000000008f300000, 0x000000008f400000|  0%| F|  |TAMS 0x000000008f300000, 0x000000008f300000| Untracked 
| 244|0x000000008f400000, 0x000000008f400000, 0x000000008f500000|  0%| F|  |TAMS 0x000000008f400000, 0x000000008f400000| Untracked 
| 245|0x000000008f500000, 0x000000008f500000, 0x000000008f600000|  0%| F|  |TAMS 0x000000008f500000, 0x000000008f500000| Untracked 
| 246|0x000000008f600000, 0x000000008f600000, 0x000000008f700000|  0%| F|  |TAMS 0x000000008f600000, 0x000000008f600000| Untracked 
| 247|0x000000008f700000, 0x000000008f700000, 0x000000008f800000|  0%| F|  |TAMS 0x000000008f700000, 0x000000008f700000| Untracked 
| 248|0x000000008f800000, 0x000000008f800000, 0x000000008f900000|  0%| F|  |TAMS 0x000000008f800000, 0x000000008f800000| Untracked 
| 249|0x000000008f900000, 0x000000008f900000, 0x000000008fa00000|  0%| F|  |TAMS 0x000000008f900000, 0x000000008f900000| Untracked 
| 250|0x000000008fa00000, 0x000000008fa1c020, 0x000000008fb00000| 10%| S|CS|TAMS 0x000000008fa00000, 0x000000008fa00000| Complete 
| 251|0x000000008fb00000, 0x000000008fc00000, 0x000000008fc00000|100%| S|CS|TAMS 0x000000008fb00000, 0x000000008fb00000| Complete 
| 252|0x000000008fc00000, 0x000000008fd00000, 0x000000008fd00000|100%| S|CS|TAMS 0x000000008fc00000, 0x000000008fc00000| Complete 
| 253|0x000000008fd00000, 0x000000008fe00000, 0x000000008fe00000|100%| S|CS|TAMS 0x000000008fd00000, 0x000000008fd00000| Complete 
| 254|0x000000008fe00000, 0x000000008fe00000, 0x000000008ff00000|  0%| F|  |TAMS 0x000000008fe00000, 0x000000008fe00000| Untracked 
| 255|0x000000008ff00000, 0x000000008ff00000, 0x0000000090000000|  0%| F|  |TAMS 0x000000008ff00000, 0x000000008ff00000| Untracked 
| 256|0x0000000090000000, 0x0000000090000000, 0x0000000090100000|  0%| F|  |TAMS 0x0000000090000000, 0x0000000090000000| Untracked 
| 257|0x0000000090100000, 0x0000000090100000, 0x0000000090200000|  0%| F|  |TAMS 0x0000000090100000, 0x0000000090100000| Untracked 
| 258|0x0000000090200000, 0x0000000090200000, 0x0000000090300000|  0%| F|  |TAMS 0x0000000090200000, 0x0000000090200000| Untracked 
| 259|0x0000000090300000, 0x0000000090300000, 0x0000000090400000|  0%| F|  |TAMS 0x0000000090300000, 0x0000000090300000| Untracked 
| 260|0x0000000090400000, 0x0000000090400000, 0x0000000090500000|  0%| F|  |TAMS 0x0000000090400000, 0x0000000090400000| Untracked 
| 261|0x0000000090500000, 0x0000000090500000, 0x0000000090600000|  0%| F|  |TAMS 0x0000000090500000, 0x0000000090500000| Untracked 
| 262|0x0000000090600000, 0x0000000090600000, 0x0000000090700000|  0%| F|  |TAMS 0x0000000090600000, 0x0000000090600000| Untracked 
| 263|0x0000000090700000, 0x0000000090700000, 0x0000000090800000|  0%| F|  |TAMS 0x0000000090700000, 0x0000000090700000| Untracked 
| 264|0x0000000090800000, 0x0000000090800000, 0x0000000090900000|  0%| F|  |TAMS 0x0000000090800000, 0x0000000090800000| Untracked 
| 265|0x0000000090900000, 0x0000000090900000, 0x0000000090a00000|  0%| F|  |TAMS 0x0000000090900000, 0x0000000090900000| Untracked 
| 266|0x0000000090a00000, 0x0000000090ae2f38, 0x0000000090b00000| 88%| E|  |TAMS 0x0000000090a00000, 0x0000000090a00000| Complete 
| 267|0x0000000090b00000, 0x0000000090c00000, 0x0000000090c00000|100%| E|CS|TAMS 0x0000000090b00000, 0x0000000090b00000| Complete 
| 268|0x0000000090c00000, 0x0000000090d00000, 0x0000000090d00000|100%| E|CS|TAMS 0x0000000090c00000, 0x0000000090c00000| Complete 
| 269|0x0000000090d00000, 0x0000000090e00000, 0x0000000090e00000|100%| E|CS|TAMS 0x0000000090d00000, 0x0000000090d00000| Complete 
| 270|0x0000000090e00000, 0x0000000090f00000, 0x0000000090f00000|100%| E|  |TAMS 0x0000000090e00000, 0x0000000090e00000| Complete 
| 271|0x0000000090f00000, 0x0000000091000000, 0x0000000091000000|100%| E|CS|TAMS 0x0000000090f00000, 0x0000000090f00000| Complete 
| 272|0x0000000091000000, 0x0000000091100000, 0x0000000091100000|100%| E|CS|TAMS 0x0000000091000000, 0x0000000091000000| Complete 
| 273|0x0000000091100000, 0x0000000091200000, 0x0000000091200000|100%| E|CS|TAMS 0x0000000091100000, 0x0000000091100000| Complete 
| 274|0x0000000091200000, 0x0000000091300000, 0x0000000091300000|100%| E|CS|TAMS 0x0000000091200000, 0x0000000091200000| Complete 
| 275|0x0000000091300000, 0x0000000091400000, 0x0000000091400000|100%| E|CS|TAMS 0x0000000091300000, 0x0000000091300000| Complete 
| 276|0x0000000091400000, 0x0000000091500000, 0x0000000091500000|100%| E|CS|TAMS 0x0000000091400000, 0x0000000091400000| Complete 
| 277|0x0000000091500000, 0x0000000091600000, 0x0000000091600000|100%| E|CS|TAMS 0x0000000091500000, 0x0000000091500000| Complete 
| 278|0x0000000091600000, 0x0000000091700000, 0x0000000091700000|100%| E|CS|TAMS 0x0000000091600000, 0x0000000091600000| Complete 
| 279|0x0000000091700000, 0x0000000091800000, 0x0000000091800000|100%| E|CS|TAMS 0x0000000091700000, 0x0000000091700000| Complete 
| 280|0x0000000091800000, 0x0000000091900000, 0x0000000091900000|100%| E|CS|TAMS 0x0000000091800000, 0x0000000091800000| Complete 
| 281|0x0000000091900000, 0x0000000091a00000, 0x0000000091a00000|100%| E|CS|TAMS 0x0000000091900000, 0x0000000091900000| Complete 

Card table byte_map: [0x000001a2f4c50000,0x000001a2f5050000] _byte_map_base: 0x000001a2f4850000

Marking Bits (Prev, Next): (CMBitMap*) 0x000001a2e20b46c0, (CMBitMap*) 0x000001a2e20b4700
 Prev Bits: [0x000001a2f5450000, 0x000001a2f7450000)
 Next Bits: [0x000001a2f7450000, 0x000001a2f9450000)

Polling page: 0x000001a2e1820000

Metaspace:

Usage:
  Non-class:    112.78 MB used.
      Class:     17.89 MB used.
       Both:    130.67 MB used.

Virtual space:
  Non-class space:      120.00 MB reserved,     113.31 MB ( 94%) committed,  15 nodes.
      Class space:        1.00 GB reserved,      18.38 MB (  2%) committed,  1 nodes.
             Both:        1.12 GB reserved,     131.69 MB ( 12%) committed. 

Chunk freelists:
   Non-Class:  2.24 MB
       Class:  1.60 MB
        Both:  3.84 MB

MaxMetaspaceSize: unlimited
CompressedClassSpaceSize: 1.00 GB
Initial GC threshold: 21.00 MB
Current GC threshold: 219.38 MB
CDS: off
MetaspaceReclaimPolicy: balanced
 - commit_granule_bytes: 65536.
 - commit_granule_words: 8192.
 - virtual_space_node_default_size: 1048576.
 - enlarge_chunks_in_place: 1.
 - new_chunks_are_fully_committed: 0.
 - uncommit_free_chunks: 1.
 - use_allocation_guard: 0.
 - handle_deallocations: 1.


Internal statistics:

num_allocs_failed_limit: 9.
num_arena_births: 1852.
num_arena_deaths: 76.
num_vsnodes_births: 16.
num_vsnodes_deaths: 0.
num_space_committed: 2105.
num_space_uncommitted: 0.
num_chunks_returned_to_freelist: 113.
num_chunks_taken_from_freelist: 7071.
num_chunk_merges: 40.
num_chunk_splits: 4655.
num_chunks_enlarged: 3013.
num_purges: 4.
num_inconsistent_stats: 0.

CodeHeap 'non-profiled nmethods': size=120000Kb used=9549Kb max_used=9696Kb free=110450Kb
 bounds [0x000001a2ecff0000, 0x000001a2ed970000, 0x000001a2f4520000]
CodeHeap 'profiled nmethods': size=120000Kb used=31005Kb max_used=31005Kb free=88994Kb
 bounds [0x000001a2e5520000, 0x000001a2e7370000, 0x000001a2eca50000]
CodeHeap 'non-nmethods': size=5760Kb used=2463Kb max_used=2545Kb free=3296Kb
 bounds [0x000001a2eca50000, 0x000001a2ecce0000, 0x000001a2ecff0000]
 total_blobs=18011 nmethods=16998 adapters=924
 compilation: enabled
              stopped_count=0, restarted_count=0
 full_count=0

Compilation events (20 events):
Event: 387.551 Thread 0x000001a2fc842600 20349       3       java.util.Random::<init> (12 bytes)
Event: 387.551 Thread 0x000001a2fc842600 nmethod 20349 0x000001a2e7360210 code [0x000001a2e73603c0, 0x000001a2e7360558]
Event: 387.551 Thread 0x000001a2fc842600 20350       3       java.util.Random::seedUniquifier (29 bytes)
Event: 387.552 Thread 0x000001a2fc842600 nmethod 20350 0x000001a2e7360610 code [0x000001a2e73607c0, 0x000001a2e73609c8]
Event: 387.553 Thread 0x000001a2fc842600 20351       3       sun.nio.ch.FileDispatcherImpl::release (8 bytes)
Event: 387.553 Thread 0x000001a2fc842600 nmethod 20351 0x000001a2e7360b10 code [0x000001a2e7360ca0, 0x000001a2e7360de8]
Event: 387.598 Thread 0x000001a2fc842600 20355       3       org.gradle.api.internal.attributes.DefaultAttributesSchema::attribute (102 bytes)
Event: 387.613 Thread 0x000001a2fc842600 nmethod 20355 0x000001a2e7360e90 code [0x000001a2e7361100, 0x000001a2e7361de8]
Event: 387.643 Thread 0x000001a2fc842600 20356       3       org.gradle.internal.event.DefaultListenerManager$EventBroadcast::<init> (135 bytes)
Event: 387.650 Thread 0x000001a2fc842600 nmethod 20356 0x000001a2e7362210 code [0x000001a2e7362580, 0x000001a2e7363c58]
Event: 387.651 Thread 0x000001a2fc842600 20357       3       org.gradle.internal.action.DefaultConfigurableRules::of (12 bytes)
Event: 387.655 Thread 0x000001a2fc842600 nmethod 20357 0x000001a2e7364390 code [0x000001a2e7364580, 0x000001a2e7364af8]
Event: 387.655 Thread 0x000001a2fc842600 20358       3       org.gradle.internal.action.DefaultConfigurableRules::<init> (21 bytes)
Event: 387.656 Thread 0x000001a2fc842600 nmethod 20358 0x000001a2e7364d10 code [0x000001a2e7364ec0, 0x000001a2e73650f8]
Event: 387.656 Thread 0x000001a2fc842600 20359       3       org.gradle.internal.action.InstantiatingAction::<init> (38 bytes)
Event: 387.659 Thread 0x000001a2fc842600 nmethod 20359 0x000001a2e7365210 code [0x000001a2e73653e0, 0x000001a2e7365888]
Event: 387.683 Thread 0x000001a2fc842600 20360       3       java.lang.invoke.LambdaFormEditor$TransformKey::packedBytes (39 bytes)
Event: 387.683 Thread 0x000001a2fc842600 nmethod 20360 0x000001a2e7365a10 code [0x000001a2e7365ba0, 0x000001a2e7365cb8]
Event: 387.687 Thread 0x000001a2fc842600 20361       3       java.lang.invoke.BoundMethodHandle::makeReinvoker (27 bytes)
Event: 387.696 Thread 0x000001a2fc842600 nmethod 20361 0x000001a2e7365d90 code [0x000001a2e7365f40, 0x000001a2e7366208]

GC Heap History (20 events):
Event: 213.599 GC heap before
{Heap before GC invocations=47 (full 0):
 garbage-first heap   total 280576K, used 227332K [0x0000000080000000, 0x0000000100000000)
  region size 1024K, 92 young (94208K), 9 survivors (9216K)
 Metaspace       used 107357K, committed 108224K, reserved 1146880K
  class space    used 14145K, committed 14592K, reserved 1048576K
}
Event: 213.783 GC heap after
{Heap after GC invocations=48 (full 0):
 garbage-first heap   total 280576K, used 150488K [0x0000000080000000, 0x0000000100000000)
  region size 1024K, 8 young (8192K), 8 survivors (8192K)
 Metaspace       used 107357K, committed 108224K, reserved 1146880K
  class space    used 14145K, committed 14592K, reserved 1048576K
}
Event: 213.869 GC heap before
{Heap before GC invocations=48 (full 0):
 garbage-first heap   total 280576K, used 155608K [0x0000000080000000, 0x0000000100000000)
  region size 1024K, 13 young (13312K), 8 survivors (8192K)
 Metaspace       used 107357K, committed 108224K, reserved 1146880K
  class space    used 14145K, committed 14592K, reserved 1048576K
}
Event: 213.908 GC heap after
{Heap after GC invocations=49 (full 0):
 garbage-first heap   total 280576K, used 148564K [0x0000000080000000, 0x0000000100000000)
  region size 1024K, 1 young (1024K), 1 survivors (1024K)
 Metaspace       used 107357K, committed 108224K, reserved 1146880K
  class space    used 14145K, committed 14592K, reserved 1048576K
}
Event: 216.315 GC heap before
{Heap before GC invocations=49 (full 0):
 garbage-first heap   total 280576K, used 228436K [0x0000000080000000, 0x0000000100000000)
  region size 1024K, 80 young (81920K), 1 survivors (1024K)
 Metaspace       used 107746K, committed 108672K, reserved 1146880K
  class space    used 14189K, committed 14656K, reserved 1048576K
}
Event: 216.339 GC heap after
{Heap after GC invocations=50 (full 0):
 garbage-first heap   total 280576K, used 157609K [0x0000000080000000, 0x0000000100000000)
  region size 1024K, 10 young (10240K), 10 survivors (10240K)
 Metaspace       used 107746K, committed 108672K, reserved 1146880K
  class space    used 14189K, committed 14656K, reserved 1048576K
}
Event: 223.879 GC heap before
{Heap before GC invocations=51 (full 0):
 garbage-first heap   total 283648K, used 225193K [0x0000000080000000, 0x0000000100000000)
  region size 1024K, 80 young (81920K), 10 survivors (10240K)
 Metaspace       used 112227K, committed 113216K, reserved 1155072K
  class space    used 14832K, committed 15296K, reserved 1048576K
}
Event: 223.907 GC heap after
{Heap after GC invocations=52 (full 0):
 garbage-first heap   total 283648K, used 160784K [0x0000000080000000, 0x0000000100000000)
  region size 1024K, 7 young (7168K), 7 survivors (7168K)
 Metaspace       used 112227K, committed 113216K, reserved 1155072K
  class space    used 14832K, committed 15296K, reserved 1048576K
}
Event: 224.004 GC heap before
{Heap before GC invocations=52 (full 0):
 garbage-first heap   total 283648K, used 166928K [0x0000000080000000, 0x0000000100000000)
  region size 1024K, 13 young (13312K), 7 survivors (7168K)
 Metaspace       used 112649K, committed 113664K, reserved 1155072K
  class space    used 14890K, committed 15424K, reserved 1048576K
}
Event: 224.041 GC heap after
{Heap after GC invocations=53 (full 0):
 garbage-first heap   total 283648K, used 139325K [0x0000000080000000, 0x0000000100000000)
  region size 1024K, 2 young (2048K), 2 survivors (2048K)
 Metaspace       used 112649K, committed 113664K, reserved 1155072K
  class space    used 14890K, committed 15424K, reserved 1048576K
}
Event: 224.103 GC heap before
{Heap before GC invocations=53 (full 0):
 garbage-first heap   total 283648K, used 150589K [0x0000000080000000, 0x0000000100000000)
  region size 1024K, 13 young (13312K), 2 survivors (2048K)
 Metaspace       used 112734K, committed 113792K, reserved 1155072K
  class space    used 14903K, committed 15424K, reserved 1048576K
}
Event: 224.119 GC heap after
{Heap after GC invocations=54 (full 0):
 garbage-first heap   total 283648K, used 135392K [0x0000000080000000, 0x0000000100000000)
  region size 1024K, 2 young (2048K), 2 survivors (2048K)
 Metaspace       used 112734K, committed 113792K, reserved 1155072K
  class space    used 14903K, committed 15424K, reserved 1048576K
}
Event: 225.294 GC heap before
{Heap before GC invocations=54 (full 0):
 garbage-first heap   total 283648K, used 227552K [0x0000000080000000, 0x0000000100000000)
  region size 1024K, 93 young (95232K), 2 survivors (2048K)
 Metaspace       used 125116K, committed 126144K, reserved 1163264K
  class space    used 16903K, committed 17408K, reserved 1048576K
}
Event: 225.314 GC heap after
{Heap after GC invocations=55 (full 0):
 garbage-first heap   total 283648K, used 144161K [0x0000000080000000, 0x0000000100000000)
  region size 1024K, 11 young (11264K), 11 survivors (11264K)
 Metaspace       used 125116K, committed 126144K, reserved 1163264K
  class space    used 16903K, committed 17408K, reserved 1048576K
}
Event: 226.344 GC heap before
{Heap before GC invocations=56 (full 0):
 garbage-first heap   total 283648K, used 229153K [0x0000000080000000, 0x0000000100000000)
  region size 1024K, 95 young (97280K), 11 survivors (11264K)
 Metaspace       used 130581K, committed 131584K, reserved 1163264K
  class space    used 17796K, committed 18304K, reserved 1048576K
}
Event: 226.359 GC heap after
{Heap after GC invocations=57 (full 0):
 garbage-first heap   total 283648K, used 144692K [0x0000000080000000, 0x0000000100000000)
  region size 1024K, 3 young (3072K), 3 survivors (3072K)
 Metaspace       used 130581K, committed 131584K, reserved 1163264K
  class space    used 17796K, committed 18304K, reserved 1048576K
}
Event: 226.457 GC heap before
{Heap before GC invocations=57 (full 0):
 garbage-first heap   total 283648K, used 153908K [0x0000000080000000, 0x0000000100000000)
  region size 1024K, 13 young (13312K), 3 survivors (3072K)
 Metaspace       used 131624K, committed 132736K, reserved 1163264K
  class space    used 18040K, committed 18560K, reserved 1048576K
}
Event: 226.469 GC heap after
{Heap after GC invocations=58 (full 0):
 garbage-first heap   total 283648K, used 142539K [0x0000000080000000, 0x0000000100000000)
  region size 1024K, 2 young (2048K), 2 survivors (2048K)
 Metaspace       used 131624K, committed 132736K, reserved 1163264K
  class space    used 18040K, committed 18560K, reserved 1048576K
}
Event: 226.925 GC heap before
{Heap before GC invocations=58 (full 0):
 garbage-first heap   total 283648K, used 161995K [0x0000000080000000, 0x0000000100000000)
  region size 1024K, 23 young (23552K), 2 survivors (2048K)
 Metaspace       used 133536K, committed 134592K, reserved 1171456K
  class space    used 18298K, committed 18816K, reserved 1048576K
}
Event: 226.929 GC heap after
{Heap after GC invocations=59 (full 0):
 garbage-first heap   total 283648K, used 144619K [0x0000000080000000, 0x0000000100000000)
  region size 1024K, 4 young (4096K), 4 survivors (4096K)
 Metaspace       used 133536K, committed 134592K, reserved 1171456K
  class space    used 18298K, committed 18816K, reserved 1048576K
}

Dll operation events (2 events):
Event: 0.023 Loaded shared library D:\Android Sttudio\jbr\bin\java.dll
Event: 0.829 Loaded shared library D:\Android Sttudio\jbr\bin\verify.dll

Deoptimization events (20 events):
Event: 227.043 Thread 0x000001a285d03080 DEOPT PACKING pc=0x000001a2ed3939ac sp=0x00000073b09fba30
Event: 227.043 Thread 0x000001a285d03080 DEOPT UNPACKING pc=0x000001a2ecaa69a3 sp=0x00000073b09fba20 mode 2
Event: 227.043 Thread 0x000001a285d03080 Uncommon trap: trap_request=0xffffffde fr.pc=0x000001a2ed3939ac relative=0x0000000000001bac
Event: 227.043 Thread 0x000001a285d03080 Uncommon trap: reason=class_check action=maybe_recompile pc=0x000001a2ed3939ac method=org.gradle.internal.snapshot.ChildMap$Entry.handleAncestorDescendantOrExactMatch(Lorg/gradle/internal/snapshot/VfsRelativePath;Lorg/gradle/internal/snapshot/CaseSensitiv
Event: 227.043 Thread 0x000001a285d03080 DEOPT PACKING pc=0x000001a2ed3939ac sp=0x00000073b09fba30
Event: 227.043 Thread 0x000001a285d03080 DEOPT UNPACKING pc=0x000001a2ecaa69a3 sp=0x00000073b09fba20 mode 2
Event: 227.218 Thread 0x000001a287255520 DEOPT PACKING pc=0x000001a2e6fb93b1 sp=0x00000073b10fe7b0
Event: 227.218 Thread 0x000001a287255520 DEOPT UNPACKING pc=0x000001a2ecaa7143 sp=0x00000073b10fdc50 mode 0
Event: 243.164 Thread 0x000001a2fe0459a0 DEOPT PACKING pc=0x000001a2e5fc7338 sp=0x00000073a8dfe920
Event: 243.164 Thread 0x000001a2fe0459a0 DEOPT UNPACKING pc=0x000001a2ecaa7143 sp=0x00000073a8dfddb0 mode 0
Event: 293.161 Thread 0x000001a2fe0459a0 DEOPT PACKING pc=0x000001a2e5fc7338 sp=0x00000073a8dfe920
Event: 293.161 Thread 0x000001a2fe0459a0 DEOPT UNPACKING pc=0x000001a2ecaa7143 sp=0x00000073a8dfddb0 mode 0
Event: 343.160 Thread 0x000001a2fe0459a0 DEOPT PACKING pc=0x000001a2e5fc7338 sp=0x00000073a8dfe870
Event: 343.160 Thread 0x000001a2fe0459a0 DEOPT UNPACKING pc=0x000001a2ecaa7143 sp=0x00000073a8dfdd00 mode 0
Event: 387.557 Thread 0x000001a2827e9270 DEOPT PACKING pc=0x000001a2e5ddcbd5 sp=0x00000073a8ff97d0
Event: 387.557 Thread 0x000001a2827e9270 DEOPT UNPACKING pc=0x000001a2ecaa7143 sp=0x00000073a8ff8cd8 mode 0
Event: 387.727 Thread 0x000001a2827e9270 Uncommon trap: trap_request=0xffffffbe fr.pc=0x000001a2ed818408 relative=0x0000000000000c28
Event: 387.727 Thread 0x000001a2827e9270 Uncommon trap: reason=profile_predicate action=maybe_recompile pc=0x000001a2ed818408 method=org.gradle.api.internal.artifacts.dsl.ParsedModuleStringNotation.assignValuesFromModuleNotation(Ljava/lang/String;)V @ 16 c2
Event: 387.727 Thread 0x000001a2827e9270 DEOPT PACKING pc=0x000001a2ed818408 sp=0x00000073a8ff9bd0
Event: 387.727 Thread 0x000001a2827e9270 DEOPT UNPACKING pc=0x000001a2ecaa69a3 sp=0x00000073a8ff9b88 mode 2

Classes unloaded (20 events):
Event: 227.066 Thread 0x000001a2fbea9d20 Unloading class 0x0000000101065c00 'java/lang/invoke/LambdaForm$DMH+0x0000000101065c00'
Event: 227.067 Thread 0x000001a2fbea9d20 Unloading class 0x0000000101065800 'java/lang/invoke/LambdaForm$DMH+0x0000000101065800'
Event: 227.067 Thread 0x000001a2fbea9d20 Unloading class 0x0000000101065400 'java/lang/invoke/LambdaForm$DMH+0x0000000101065400'
Event: 227.067 Thread 0x000001a2fbea9d20 Unloading class 0x0000000101064c00 'java/lang/invoke/LambdaForm$DMH+0x0000000101064c00'
Event: 227.067 Thread 0x000001a2fbea9d20 Unloading class 0x0000000101064800 'java/lang/invoke/LambdaForm$DMH+0x0000000101064800'
Event: 227.067 Thread 0x000001a2fbea9d20 Unloading class 0x0000000101064000 'java/lang/invoke/LambdaForm$DMH+0x0000000101064000'
Event: 227.067 Thread 0x000001a2fbea9d20 Unloading class 0x0000000101011c00 'java/lang/invoke/LambdaForm$DMH+0x0000000101011c00'
Event: 227.067 Thread 0x000001a2fbea9d20 Unloading class 0x0000000101011800 'java/lang/invoke/LambdaForm$DMH+0x0000000101011800'
Event: 227.067 Thread 0x000001a2fbea9d20 Unloading class 0x0000000101011400 'java/lang/invoke/LambdaForm$DMH+0x0000000101011400'
Event: 227.067 Thread 0x000001a2fbea9d20 Unloading class 0x0000000101010800 'java/lang/invoke/LambdaForm$DMH+0x0000000101010800'
Event: 227.067 Thread 0x000001a2fbea9d20 Unloading class 0x0000000101010400 'java/lang/invoke/LambdaForm$DMH+0x0000000101010400'
Event: 227.067 Thread 0x000001a2fbea9d20 Unloading class 0x0000000101010c00 'java/lang/invoke/LambdaForm$DMH+0x0000000101010c00'
Event: 227.067 Thread 0x000001a2fbea9d20 Unloading class 0x0000000100fd4c00 'java/lang/invoke/LambdaForm$DMH+0x0000000100fd4c00'
Event: 227.067 Thread 0x000001a2fbea9d20 Unloading class 0x0000000100fd4800 'java/lang/invoke/LambdaForm$DMH+0x0000000100fd4800'
Event: 227.067 Thread 0x000001a2fbea9d20 Unloading class 0x0000000100fd4000 'java/lang/invoke/LambdaForm$DMH+0x0000000100fd4000'
Event: 227.067 Thread 0x000001a2fbea9d20 Unloading class 0x0000000100fc0c00 'java/lang/invoke/LambdaForm$DMH+0x0000000100fc0c00'
Event: 227.067 Thread 0x000001a2fbea9d20 Unloading class 0x0000000100fc0800 'java/lang/invoke/LambdaForm$DMH+0x0000000100fc0800'
Event: 227.067 Thread 0x000001a2fbea9d20 Unloading class 0x0000000100fc0400 'java/lang/invoke/LambdaForm$DMH+0x0000000100fc0400'
Event: 227.067 Thread 0x000001a2fbea9d20 Unloading class 0x0000000100f4cc00 'jdk/internal/reflect/GeneratedSerializationConstructorAccessor148'
Event: 227.067 Thread 0x000001a2fbea9d20 Unloading class 0x0000000100f4c800 'jdk/internal/reflect/GeneratedSerializationConstructorAccessor149'

Classes redefined (0 events):
No events

Internal exceptions (20 events):
Event: 226.412 Thread 0x000001a2fd852cf0 Exception <a 'java/lang/NoSuchMethodError'{0x00000000910da610}: 'long java.lang.invoke.DirectMethodHandle$Holder.invokeStatic(java.lang.Object, java.lang.Object, java.lang.Object)'> (0x00000000910da610) 
thrown [s\src\hotspot\share\interpreter\linkResolver.cpp, line 771]
Event: 226.412 Thread 0x000001a2fd84f800 Exception <a 'java/lang/NoSuchMethodError'{0x00000000910de2a8}: 'long java.lang.invoke.DirectMethodHandle$Holder.invokeStatic(java.lang.Object, java.lang.Object, java.lang.Object)'> (0x00000000910de2a8) 
thrown [s\src\hotspot\share\interpreter\linkResolver.cpp, line 771]
Event: 226.439 Thread 0x000001a2fd852cf0 Exception <a 'sun/nio/fs/WindowsException'{0x0000000090c827e8}> (0x0000000090c827e8) 
thrown [s\src\hotspot\share\prims\jni.cpp, line 517]
Event: 226.439 Thread 0x000001a2fd851010 Exception <a 'sun/nio/fs/WindowsException'{0x0000000090c8d4c0}> (0x0000000090c8d4c0) 
thrown [s\src\hotspot\share\prims\jni.cpp, line 517]
Event: 226.470 Thread 0x000001a2fd84f800 Exception <a 'sun/nio/fs/WindowsException'{0x00000000914020d8}> (0x00000000914020d8) 
thrown [s\src\hotspot\share\prims\jni.cpp, line 517]
Event: 226.612 Thread 0x000001a285d03080 Exception <a 'java/lang/NoSuchMethodError'{0x00000000908ef470}: static Lcom/android/build/api/variant/impl/SerializableApplicationMultiOutputHandler;.<clinit>()V> (0x00000000908ef470) 
thrown [s\src\hotspot\share\prims\jni.cpp, line 1108]
Event: 226.613 Thread 0x000001a285d03080 Exception <a 'java/lang/NoSuchMethodError'{0x0000000090705460}: static Lcom/android/build/api/variant/impl/VariantOutputImpl$SerializedForm;.<clinit>()V> (0x0000000090705460) 
thrown [s\src\hotspot\share\prims\jni.cpp, line 1108]
Event: 226.613 Thread 0x000001a285d03080 Exception <a 'java/lang/NoSuchMethodError'{0x0000000090719368}: static Lcom/android/build/api/variant/impl/VariantOutputConfigurationImpl;.<clinit>()V> (0x0000000090719368) 
thrown [s\src\hotspot\share\prims\jni.cpp, line 1108]
Event: 226.661 Thread 0x000001a2fd851e80 Exception <a 'sun/nio/fs/WindowsException'{0x00000000905593e0}> (0x00000000905593e0) 
thrown [s\src\hotspot\share\prims\jni.cpp, line 517]
Event: 226.749 Thread 0x000001a2fd851e80 Exception <a 'java/lang/NoSuchMethodError'{0x0000000090408ff0}: 'java.lang.Object java.lang.invoke.DirectMethodHandle$Holder.newInvokeSpecial(java.lang.Object, java.lang.Object, java.lang.Object, java.lang.Object, java.lang.Object, int, java.lang.Object)'> (0x0000000090408ff0) 
thrown [s\src\hotspot\share\interpreter\linkResolver.cpp, line 771]
Event: 226.750 Thread 0x000001a2fd851e80 Exception <a 'java/lang/NoSuchMethodError'{0x00000000904122b0}: 'java.lang.Object java.lang.invoke.Invokers$Holder.linkToTargetMethod(java.lang.Object, java.lang.Object, java.lang.Object, java.lang.Object, int, java.lang.Object, java.lang.Object)'> (0x00000000904122b0) 
thrown [s\src\hotspot\share\interpreter\linkResolver.cpp, line 771]
Event: 226.763 Thread 0x000001a2fd851e80 Exception <a 'java/lang/NoSuchMethodError'{0x000000009049ca28}: 'java.lang.Object java.lang.invoke.DirectMethodHandle$Holder.newInvokeSpecial(java.lang.Object, java.lang.Object, java.lang.Object, java.lang.Object, java.lang.Object, java.lang.Object, java.lang.Object, int)'> (0x000000009049ca28) 
thrown [s\src\hotspot\share\interpreter\linkResolver.cpp, line 771]
Event: 226.763 Thread 0x000001a2fd851e80 Exception <a 'java/lang/NoSuchMethodError'{0x00000000904a1fd8}: 'java.lang.Object java.lang.invoke.DirectMethodHandle$Holder.invokeSpecial(java.lang.Object, java.lang.Object, java.lang.Object, java.lang.Object, java.lang.Object, java.lang.Object, java.lang.Object, java.lang.Object, int)'> (0x00000000904a1fd8) 
thrown [s\src\hotspot\share\interpreter\linkResolver.cpp, line 771]
Event: 226.764 Thread 0x000001a2fd851e80 Exception <a 'java/lang/NoSuchMethodError'{0x00000000904a6d00}: 'java.lang.Object java.lang.invoke.Invokers$Holder.linkToTargetMethod(java.lang.Object, java.lang.Object, java.lang.Object, java.lang.Object, java.lang.Object, java.lang.Object, int, java.lang.Object)'> (0x00000000904a6d00) 
thrown [s\src\hotspot\share\interpreter\linkResolver.cpp, line 771]
Event: 227.017 Thread 0x000001a2fd851e80 Exception <a 'java/lang/NoSuchMethodError'{0x0000000091375dd8}: 'java.lang.Object java.lang.invoke.DirectMethodHandle$Holder.invokeVirtual(java.lang.Object, java.lang.Object, int)'> (0x0000000091375dd8) 
thrown [s\src\hotspot\share\interpreter\linkResolver.cpp, line 771]
Event: 227.019 Thread 0x000001a2fd851e80 Implicit null exception at 0x000001a2ed7fe7cb to 0x000001a2ed7fe7f0
Event: 227.231 Thread 0x000001a2862b6530 Exception <a 'sun/nio/fs/WindowsException'{0x000000009127ec40}> (0x000000009127ec40) 
thrown [s\src\hotspot\share\prims\jni.cpp, line 517]
Event: 227.231 Thread 0x000001a2862b6530 Exception <a 'sun/nio/fs/WindowsException'{0x000000009127ef40}> (0x000000009127ef40) 
thrown [s\src\hotspot\share\prims\jni.cpp, line 517]
Event: 227.231 Thread 0x000001a2862b6530 Exception <a 'sun/nio/fs/WindowsException'{0x0000000091280cf0}> (0x0000000091280cf0) 
thrown [s\src\hotspot\share\prims\jni.cpp, line 517]
Event: 227.236 Thread 0x000001a282de2cd0 Exception <a 'sun/nio/fs/WindowsException'{0x00000000912fe690}> (0x00000000912fe690) 
thrown [s\src\hotspot\share\prims\jni.cpp, line 517]

VM Operations (20 events):
Event: 273.277 Executing VM operation: Cleanup
Event: 273.277 Executing VM operation: Cleanup done
Event: 284.282 Executing VM operation: Cleanup
Event: 284.282 Executing VM operation: Cleanup done
Event: 285.283 Executing VM operation: Cleanup
Event: 285.283 Executing VM operation: Cleanup done
Event: 286.284 Executing VM operation: Cleanup
Event: 286.284 Executing VM operation: Cleanup done
Event: 293.288 Executing VM operation: Cleanup
Event: 293.288 Executing VM operation: Cleanup done
Event: 374.332 Executing VM operation: Cleanup
Event: 374.335 Executing VM operation: Cleanup done
Event: 383.339 Executing VM operation: Cleanup
Event: 383.339 Executing VM operation: Cleanup done
Event: 385.339 Executing VM operation: Cleanup
Event: 385.339 Executing VM operation: Cleanup done
Event: 386.340 Executing VM operation: Cleanup
Event: 386.340 Executing VM operation: Cleanup done
Event: 387.341 Executing VM operation: Cleanup
Event: 387.341 Executing VM operation: Cleanup done

Events (20 events):
Event: 247.838 loading class java/lang/StackStreamFactory$StackFrameTraverser$StackFrameBuffer done
Event: 247.841 loading class java/util/logging/LogRecord
Event: 247.846 loading class java/util/logging/LogRecord done
Event: 286.989 Thread 0x000001a282de31a0 Thread exited: 0x000001a282de31a0
Event: 287.225 Thread 0x000001a286f363a0 Thread exited: 0x000001a286f363a0
Event: 287.290 Thread 0x000001a2862b6530 Thread exited: 0x000001a2862b6530
Event: 287.294 Thread 0x000001a285d01870 Thread exited: 0x000001a285d01870
Event: 308.378 Thread 0x000001a2862b86e0 Thread exited: 0x000001a2862b86e0
Event: 346.999 Thread 0x000001a285d05230 Thread exited: 0x000001a285d05230
Event: 386.440 Thread 0x000001a289b99360 Thread added: 0x000001a289b99360
Event: 386.449 Thread 0x000001a2827eaf50 Thread added: 0x000001a2827eaf50
Event: 386.491 Thread 0x000001a2827e9740 Thread added: 0x000001a2827e9740
Event: 386.516 Thread 0x000001a2827e9270 Thread added: 0x000001a2827e9270
Event: 386.572 Thread 0x000001a285d02210 Thread added: 0x000001a285d02210
Event: 386.601 Thread 0x000001a285d01d40 Thread added: 0x000001a285d01d40
Event: 386.610 Thread 0x000001a2862b6a00 Thread added: 0x000001a2862b6a00
Event: 387.472 Thread 0x000001a280fb0940 Thread added: 0x000001a280fb0940
Event: 387.496 Thread 0x000001a280faffa0 Thread added: 0x000001a280faffa0
Event: 387.533 Thread 0x000001a280fb12e0 Thread added: 0x000001a280fb12e0
Event: 387.549 Thread 0x000001a280fb0e10 Thread added: 0x000001a280fb0e10


Dynamic libraries:
0x00007ff6e06a0000 - 0x00007ff6e06aa000 	D:\Android Sttudio\jbr\bin\java.exe
0x00007ffbe9190000 - 0x00007ffbe93a7000 	C:\WINDOWS\SYSTEM32\ntdll.dll
0x00007ffbe7f10000 - 0x00007ffbe7fd4000 	C:\WINDOWS\System32\KERNEL32.DLL
0x00007ffbe6740000 - 0x00007ffbe6ae5000 	C:\WINDOWS\System32\KERNELBASE.dll
0x00007ffbe6af0000 - 0x00007ffbe6c01000 	C:\WINDOWS\System32\ucrtbase.dll
0x00007ffb8d2d0000 - 0x00007ffb8d2e7000 	D:\Android Sttudio\jbr\bin\jli.dll
0x00007ffbb0e30000 - 0x00007ffbb0e4b000 	D:\Android Sttudio\jbr\bin\VCRUNTIME140.dll
0x00007ffbe78a0000 - 0x00007ffbe7a4e000 	C:\WINDOWS\System32\USER32.dll
0x00007ffbe6620000 - 0x00007ffbe6646000 	C:\WINDOWS\System32\win32u.dll
0x00007ffbe9080000 - 0x00007ffbe90a9000 	C:\WINDOWS\System32\GDI32.dll
0x00007ffbe6500000 - 0x00007ffbe6619000 	C:\WINDOWS\System32\gdi32full.dll
0x00007ffbe6c10000 - 0x00007ffbe6caa000 	C:\WINDOWS\System32\msvcp_win.dll
0x00007ffbcb230000 - 0x00007ffbcb4c3000 	C:\WINDOWS\WinSxS\amd64_microsoft.windows.common-controls_6595b64144ccf1df_6.0.22621.2506_none_270c5ae97388e100\COMCTL32.dll
0x00007ffbe8780000 - 0x00007ffbe8827000 	C:\WINDOWS\System32\msvcrt.dll
0x00007ffbe9110000 - 0x00007ffbe9141000 	C:\WINDOWS\System32\IMM32.DLL
0x00007ffbc2ac0000 - 0x00007ffbc2acc000 	D:\Android Sttudio\jbr\bin\vcruntime140_1.dll
0x00007ffb8beb0000 - 0x00007ffb8bf3d000 	D:\Android Sttudio\jbr\bin\msvcp140.dll
0x00007ffb88cf0000 - 0x00007ffb8995e000 	D:\Android Sttudio\jbr\bin\server\jvm.dll
0x00007ffbe8190000 - 0x00007ffbe8241000 	C:\WINDOWS\System32\ADVAPI32.dll
0x00007ffbe7a50000 - 0x00007ffbe7af6000 	C:\WINDOWS\System32\sechost.dll
0x00007ffbe88a0000 - 0x00007ffbe89b7000 	C:\WINDOWS\System32\RPCRT4.dll
0x00007ffbcfa80000 - 0x00007ffbcfa89000 	C:\WINDOWS\SYSTEM32\WSOCK32.dll
0x00007ffbe1a50000 - 0x00007ffbe1a84000 	C:\WINDOWS\SYSTEM32\WINMM.dll
0x00007ffbe8360000 - 0x00007ffbe83d1000 	C:\WINDOWS\System32\WS2_32.dll
0x00007ffbde4c0000 - 0x00007ffbde4ca000 	C:\WINDOWS\SYSTEM32\VERSION.dll
0x00007ffbe5460000 - 0x00007ffbe5478000 	C:\WINDOWS\SYSTEM32\kernel.appcore.dll
0x00007ffbcfa70000 - 0x00007ffbcfa7a000 	D:\Android Sttudio\jbr\bin\jimage.dll
0x00007ffbe3410000 - 0x00007ffbe3643000 	C:\WINDOWS\SYSTEM32\DBGHELP.DLL
0x00007ffbe83e0000 - 0x00007ffbe8769000 	C:\WINDOWS\System32\combase.dll
0x00007ffbe7c90000 - 0x00007ffbe7d67000 	C:\WINDOWS\System32\OLEAUT32.dll
0x00007ffbdb770000 - 0x00007ffbdb7a2000 	C:\WINDOWS\SYSTEM32\dbgcore.DLL
0x00007ffbe6650000 - 0x00007ffbe66ca000 	C:\WINDOWS\System32\bcryptPrimitives.dll
0x00007ffb959e0000 - 0x00007ffb95a05000 	D:\Android Sttudio\jbr\bin\java.dll
0x00007ffbcfa50000 - 0x00007ffbcfa68000 	D:\Android Sttudio\jbr\bin\zip.dll
0x00007ffbe7040000 - 0x00007ffbe7899000 	C:\WINDOWS\System32\SHELL32.dll
0x00007ffbe43d0000 - 0x00007ffbe4cc4000 	C:\WINDOWS\SYSTEM32\windows.storage.dll
0x00007ffbe4290000 - 0x00007ffbe43ce000 	C:\WINDOWS\SYSTEM32\wintypes.dll
0x00007ffbe6f40000 - 0x00007ffbe7033000 	C:\WINDOWS\System32\SHCORE.dll
0x00007ffbe90b0000 - 0x00007ffbe910e000 	C:\WINDOWS\System32\shlwapi.dll
0x00007ffbe6430000 - 0x00007ffbe6456000 	C:\WINDOWS\SYSTEM32\profapi.dll
0x00007ffb958c0000 - 0x00007ffb958d9000 	D:\Android Sttudio\jbr\bin\net.dll
0x00007ffbe0e30000 - 0x00007ffbe0f67000 	C:\WINDOWS\SYSTEM32\WINHTTP.dll
0x00007ffbe5940000 - 0x00007ffbe59a9000 	C:\WINDOWS\system32\mswsock.dll
0x00007ffb914e0000 - 0x00007ffb914f6000 	D:\Android Sttudio\jbr\bin\nio.dll
0x00007ffbbcbd0000 - 0x00007ffbbcbe0000 	D:\Android Sttudio\jbr\bin\verify.dll
0x00007ffbb8550000 - 0x00007ffbb8577000 	C:\Users\\.gradle\native\68d5fa5c4cc2d200863cafc0d521ce42e7d3e7ee720ec0a83991735586a16f82\windows-amd64\native-platform.dll
0x00007ffba0ca0000 - 0x00007ffba0de4000 	C:\Users\\.gradle\native\e376f236ea51e6404a007f0833ffe2c6e607c4080706a723a18a27aeea778392\windows-amd64\native-platform-file-events.dll
0x00007ffbbc120000 - 0x00007ffbbc129000 	D:\Android Sttudio\jbr\bin\management.dll
0x00007ffbbbf10000 - 0x00007ffbbbf1b000 	D:\Android Sttudio\jbr\bin\management_ext.dll
0x00007ffbe6f30000 - 0x00007ffbe6f38000 	C:\WINDOWS\System32\PSAPI.DLL
0x00007ffbe5bb0000 - 0x00007ffbe5bcb000 	C:\WINDOWS\SYSTEM32\CRYPTSP.dll
0x00007ffbe5420000 - 0x00007ffbe5455000 	C:\WINDOWS\system32\rsaenh.dll
0x00007ffbe5a20000 - 0x00007ffbe5a4c000 	C:\WINDOWS\SYSTEM32\USERENV.dll
0x00007ffbe5da0000 - 0x00007ffbe5dc8000 	C:\WINDOWS\SYSTEM32\bcrypt.dll
0x00007ffbe5bd0000 - 0x00007ffbe5bdc000 	C:\WINDOWS\SYSTEM32\CRYPTBASE.dll
0x00007ffbe4f30000 - 0x00007ffbe4f5d000 	C:\WINDOWS\SYSTEM32\IPHLPAPI.DLL
0x00007ffbe8350000 - 0x00007ffbe8359000 	C:\WINDOWS\System32\NSI.dll
0x00007ffbde5e0000 - 0x00007ffbde5f9000 	C:\WINDOWS\SYSTEM32\dhcpcsvc6.DLL
0x00007ffbde4d0000 - 0x00007ffbde4ef000 	C:\WINDOWS\SYSTEM32\dhcpcsvc.DLL
0x00007ffbe4fa0000 - 0x00007ffbe5099000 	C:\WINDOWS\SYSTEM32\DNSAPI.dll
0x00007ffbbb800000 - 0x00007ffbbb808000 	C:\WINDOWS\system32\wshunix.dll
0x00007ffb82000000 - 0x00007ffb82017000 	C:\WINDOWS\system32\napinsp.dll
0x00007ffb81fe0000 - 0x00007ffb81ffb000 	C:\WINDOWS\system32\pnrpnsp.dll
0x00007ffb81fc0000 - 0x00007ffb81fd1000 	C:\WINDOWS\System32\winrnr.dll
0x00007ffbdc040000 - 0x00007ffbdc055000 	C:\WINDOWS\system32\wshbth.dll
0x00007ffb84930000 - 0x00007ffb84951000 	C:\WINDOWS\system32\nlansp_c.dll
0x000000005a480000 - 0x000000005a4a6000 	C:\Program Files\Bonjour\mdnsNSP.dll
0x00007ffbde5d0000 - 0x00007ffbde5da000 	C:\Windows\System32\rasadhlp.dll
0x00007ffbda860000 - 0x00007ffbda8e3000 	C:\WINDOWS\System32\fwpuclnt.dll
0x00007ffbe1c40000 - 0x00007ffbe1c47000 	D:\Android Sttudio\jbr\bin\rmi.dll

dbghelp: loaded successfully - version: 4.0.5 - missing functions: none
symbol engine: initialized successfully - sym options: 0x614 - pdb path: .;D:\Android Sttudio\jbr\bin;C:\WINDOWS\SYSTEM32;C:\WINDOWS\WinSxS\amd64_microsoft.windows.common-controls_6595b64144ccf1df_6.0.22621.2506_none_270c5ae97388e100;D:\Android Sttudio\jbr\bin\server;C:\Users\\.gradle\native\68d5fa5c4cc2d200863cafc0d521ce42e7d3e7ee720ec0a83991735586a16f82\windows-amd64;C:\Users\\.gradle\native\e376f236ea51e6404a007f0833ffe2c6e607c4080706a723a18a27aeea778392\windows-amd64;C:\Program Files\Bonjour

VM Arguments:
jvm_args: --add-opens=java.base/java.util=ALL-UNNAMED --add-opens=java.base/java.lang=ALL-UNNAMED --add-opens=java.base/java.lang.invoke=ALL-UNNAMED --add-opens=java.prefs/java.util.prefs=ALL-UNNAMED --add-opens=java.base/java.nio.charset=ALL-UNNAMED --add-opens=java.base/java.net=ALL-UNNAMED --add-opens=java.base/java.util.concurrent.atomic=ALL-UNNAMED -Xmx2048m -Dfile.encoding=UTF-8 -Duser.country=RU -Duser.language=ru -Duser.variant 
java_command: org.gradle.launcher.daemon.bootstrap.GradleDaemon 8.0
java_class_path (initial): C:\Users\\.gradle\wrapper\dists\gradle-8.0-bin\ca5e32bp14vu59qr306oxotwh\gradle-8.0\lib\gradle-launcher-8.0.jar
Launcher Type: SUN_STANDARD

[Global flags]
     intx CICompilerCount                          = 4                                         {product} {ergonomic}
     uint ConcGCThreads                            = 2                                         {product} {ergonomic}
     uint G1ConcRefinementThreads                  = 8                                         {product} {ergonomic}
   size_t G1HeapRegionSize                         = 1048576                                   {product} {ergonomic}
    uintx GCDrainStackTargetSize                   = 64                                        {product} {ergonomic}
   size_t InitialHeapSize                          = 132120576                                 {product} {ergonomic}
   size_t MarkStackSize                            = 4194304                                   {product} {ergonomic}
   size_t MaxHeapSize                              = 2147483648                                {product} {command line}
   size_t MaxNewSize                               = 1287651328                                {product} {ergonomic}
   size_t MinHeapDeltaBytes                        = 1048576                                   {product} {ergonomic}
   size_t MinHeapSize                              = 8388608                                   {product} {ergonomic}
    uintx NonNMethodCodeHeapSize                   = 5839372                                {pd product} {ergonomic}
    uintx NonProfiledCodeHeapSize                  = 122909434                              {pd product} {ergonomic}
    uintx ProfiledCodeHeapSize                     = 122909434                              {pd product} {ergonomic}
    uintx ReservedCodeCacheSize                    = 251658240                              {pd product} {ergonomic}
     bool SegmentedCodeCache                       = true                                      {product} {ergonomic}
   size_t SoftMaxHeapSize                          = 2147483648                             {manageable} {ergonomic}
     bool UseCompressedClassPointers               = true                           {product lp64_product} {ergonomic}
     bool UseCompressedOops                        = true                           {product lp64_product} {ergonomic}
     bool UseG1GC                                  = true                                      {product} {ergonomic}
     bool UseLargePagesIndividualAllocation        = false                                  {pd product} {ergonomic}

Logging:
Log output configuration:
 #0: stdout all=warning uptime,level,tags
 #1: stderr all=off uptime,level,tags

Environment Variables:
JAVA_HOME=D:\Android Sttudio\jdk-17.0.9
PATH=C:\Windows\system32;C:\Windows;C:\Windows\System32\Wbem;C:\Windows\System32\WindowsPowerShell\v1.0\;C:\Windows\System32\OpenSSH\;C:\WINDOWS\system32;C:\WINDOWS;C:\WINDOWS\System32\Wbem;C:\WINDOWS\System32\WindowsPowerShell\v1.0\;C:\WINDOWS\System32\OpenSSH\;D:\cmake\bin;D:\;C:\Program Files\Microsoft SQL Server\150\Tools\Binn\;C:\Program Files\Microsoft SQL Server\Client SDK\ODBC\170\Tools\Binn\;C:\Program Files\dotnet\;D:\Android Sttudio\jdk-17.0.9\bin;D:\sh\New Folder\common;D:\Android Sttudio\jdk-17.0.9\bin;D:\Sav\bin;C:\Program Files\Git\cmd;C:\Users\\AppData\Local\Microsoft\WindowsApps;D:\PyCharm Community Edition 2022.3.2\bin;;C:\Users\\.dotnet\tools;C:\Program Files\JetBrains\IntelliJ IDEA Community Edition 2023.1.4\gradle-8.4\bin;D:\Android Sttudio\gradle-8.4\bin;D:\Sav\bin;
USERNAME=
OS=Windows_NT
PROCESSOR_IDENTIFIER=Intel64 Family 6 Model 142 Stepping 12, GenuineIntel
TMP=C:\Users\9364~1\AppData\Local\Temp
TEMP=C:\Users\9364~1\AppData\Local\Temp


JNI global refs:
JNI global refs: 29, weak refs: 2

JNI global refs memory usage: 843, weak refs: 841


---------------  S Y S T E M  ---------------

OS:
 Windows 11 , 64 bit Build 22621 (10.0.22621.2506)
OS uptime: 15 days 9:41 hours
Hyper-V role detected

CPU: total 8 (initial active 8) (4 cores per cpu, 2 threads per core) family 6 model 142 stepping 12 microcode 0xde, cx8, cmov, fxsr, ht, mmx, 3dnowpref, sse, sse2, sse3, ssse3, sse4.1, sse4.2, popcnt, lzcnt, tsc, tscinvbit, avx, avx2, aes, erms, clmul, bmi1, bmi2, adx, fma, vzeroupper, clflush, clflushopt, hv

Memory: 4k page, system-wide physical 8025M (522M free)
TotalPageFile size 32601M (AvailPageFile size 7M)
current process WorkingSet (physical memory assigned to process): 109M, peak: 552M
current process commit charge ("private bytes"): 645M, peak: 672M

vm_info: OpenJDK 64-Bit Server VM (17.0.6+0-b2043.56-10027231) for windows-amd64 JRE (17.0.6+0-b2043.56-10027231), built on Apr 28 2023 00:43:19 by "androidbuild" with MS VC++ 16.10 / 16.11 (VS2019)

END.
